<?xml version="1.0" encoding="UTF-8"?>
<testsuite xmlns:xsi="http://www.w3.org/2001/XMLSchema-instance" xsi:noNamespaceSchemaLocation="https://maven.apache.org/surefire/maven-surefire-plugin/xsd/surefire-test-report.xsd" version="3.0.2" name="com.tests.repositories.ActorRepositoryTest" time="4.286" tests="3" errors="0" skipped="0" failures="0">
  <properties>
    <property name="java.specification.version" value="21"/>
    <property name="sun.jnu.encoding" value="UTF-8"/>
    <property name="test.url" value="http://localhost:8081"/>
    <property name="io.quarkus.security.http.test-if-basic-auth-implicitly-required" value="true"/>
    <property name="java.class.path" value="/home/marcelo/Development/Java/projetos/multiple_databases_test/target/test-classes:/home/marcelo/Development/Java/projetos/multiple_databases_test/target/classes:/home/marcelo/.m2/repository/io/quarkus/quarkus-resteasy/3.22.2/quarkus-resteasy-3.22.2.jar:/home/marcelo/.m2/repository/io/quarkus/quarkus-vertx-http/3.22.2/quarkus-vertx-http-3.22.2.jar:/home/marcelo/.m2/repository/io/quarkus/quarkus-security-runtime-spi/3.22.2/quarkus-security-runtime-spi-3.22.2.jar:/home/marcelo/.m2/repository/io/quarkus/quarkus-credentials/3.22.2/quarkus-credentials-3.22.2.jar:/home/marcelo/.m2/repository/io/smallrye/common/smallrye-common-vertx-context/2.12.0/smallrye-common-vertx-context-2.12.0.jar:/home/marcelo/.m2/repository/io/vertx/vertx-core/4.5.14/vertx-core-4.5.14.jar:/home/marcelo/.m2/repository/io/netty/netty-common/4.1.119.Final/netty-common-4.1.119.Final.jar:/home/marcelo/.m2/repository/io/netty/netty-handler-proxy/4.1.119.Final/netty-handler-proxy-4.1.119.Final.jar:/home/marcelo/.m2/repository/io/netty/netty-codec-socks/4.1.119.Final/netty-codec-socks-4.1.119.Final.jar:/home/marcelo/.m2/repository/io/netty/netty-resolver/4.1.119.Final/netty-resolver-4.1.119.Final.jar:/home/marcelo/.m2/repository/io/netty/netty-resolver-dns/4.1.119.Final/netty-resolver-dns-4.1.119.Final.jar:/home/marcelo/.m2/repository/io/netty/netty-codec-dns/4.1.119.Final/netty-codec-dns-4.1.119.Final.jar:/home/marcelo/.m2/repository/io/smallrye/common/smallrye-common-constraint/2.12.0/smallrye-common-constraint-2.12.0.jar:/home/marcelo/.m2/repository/io/quarkus/security/quarkus-security/2.2.1/quarkus-security-2.2.1.jar:/home/marcelo/.m2/repository/io/smallrye/reactive/smallrye-mutiny-vertx-web/3.18.1/smallrye-mutiny-vertx-web-3.18.1.jar:/home/marcelo/.m2/repository/io/smallrye/reactive/smallrye-mutiny-vertx-web-common/3.18.1/smallrye-mutiny-vertx-web-common-3.18.1.jar:/home/marcelo/.m2/repository/io/smallrye/reactive/smallrye-mutiny-vertx-auth-common/3.18.1/smallrye-mutiny-vertx-auth-common-3.18.1.jar:/home/marcelo/.m2/repository/io/smallrye/reactive/smallrye-mutiny-vertx-bridge-common/3.18.1/smallrye-mutiny-vertx-bridge-common-3.18.1.jar:/home/marcelo/.m2/repository/io/smallrye/reactive/smallrye-mutiny-vertx-uri-template/3.18.1/smallrye-mutiny-vertx-uri-template-3.18.1.jar:/home/marcelo/.m2/repository/io/vertx/vertx-uri-template/4.5.14/vertx-uri-template-4.5.14.jar:/home/marcelo/.m2/repository/io/vertx/vertx-web/4.5.14/vertx-web-4.5.14.jar:/home/marcelo/.m2/repository/io/vertx/vertx-web-common/4.5.14/vertx-web-common-4.5.14.jar:/home/marcelo/.m2/repository/io/vertx/vertx-auth-common/4.5.14/vertx-auth-common-4.5.14.jar:/home/marcelo/.m2/repository/io/vertx/vertx-bridge-common/4.5.14/vertx-bridge-common-4.5.14.jar:/home/marcelo/.m2/repository/io/github/crac/org-crac/0.1.3/org-crac-0.1.3.jar:/home/marcelo/.m2/repository/com/aayushatharva/brotli4j/brotli4j/1.16.0/brotli4j-1.16.0.jar:/home/marcelo/.m2/repository/com/aayushatharva/brotli4j/service/1.16.0/service-1.16.0.jar:/home/marcelo/.m2/repository/com/aayushatharva/brotli4j/native-linux-x86_64/1.16.0/native-linux-x86_64-1.16.0.jar:/home/marcelo/.m2/repository/io/quarkus/vertx/utils/quarkus-vertx-utils/3.22.2/quarkus-vertx-utils-3.22.2.jar:/home/marcelo/.m2/repository/org/jboss/logging/jboss-logging/3.6.1.Final/jboss-logging-3.6.1.Final.jar:/home/marcelo/.m2/repository/io/quarkus/quarkus-resteasy-server-common/3.22.2/quarkus-resteasy-server-common-3.22.2.jar:/home/marcelo/.m2/repository/io/quarkus/quarkus-resteasy-common/3.22.2/quarkus-resteasy-common-3.22.2.jar:/home/marcelo/.m2/repository/org/eclipse/angus/angus-activation/2.0.2/angus-activation-2.0.2.jar:/home/marcelo/.m2/repository/jakarta/ws/rs/jakarta.ws.rs-api/3.1.0/jakarta.ws.rs-api-3.1.0.jar:/home/marcelo/.m2/repository/org/jboss/resteasy/microprofile/microprofile-config/3.0.1.Final/microprofile-config-3.0.1.Final.jar:/home/marcelo/.m2/repository/jakarta/servlet/jakarta.servlet-api/6.0.0/jakarta.servlet-api-6.0.0.jar:/home/marcelo/.m2/repository/org/jboss/resteasy/resteasy-cdi/6.2.12.Final/resteasy-cdi-6.2.12.Final.jar:/home/marcelo/.m2/repository/jakarta/validation/jakarta.validation-api/3.0.2/jakarta.validation-api-3.0.2.jar:/home/marcelo/.m2/repository/io/quarkus/quarkus-resteasy-jsonb/3.22.2/quarkus-resteasy-jsonb-3.22.2.jar:/home/marcelo/.m2/repository/io/quarkus/quarkus-jsonb/3.22.2/quarkus-jsonb-3.22.2.jar:/home/marcelo/.m2/repository/org/eclipse/yasson/3.0.4/yasson-3.0.4.jar:/home/marcelo/.m2/repository/org/jboss/resteasy/resteasy-json-binding-provider/6.2.12.Final/resteasy-json-binding-provider-6.2.12.Final.jar:/home/marcelo/.m2/repository/org/jboss/resteasy/resteasy-core-spi/6.2.12.Final/resteasy-core-spi-6.2.12.Final.jar:/home/marcelo/.m2/repository/org/jboss/resteasy/resteasy-core/6.2.12.Final/resteasy-core-6.2.12.Final.jar:/home/marcelo/.m2/repository/com/ibm/async/asyncutil/0.1.0/asyncutil-0.1.0.jar:/home/marcelo/.m2/repository/org/eclipse/parsson/parsson/1.1.7/parsson-1.1.7.jar:/home/marcelo/.m2/repository/jakarta/json/bind/jakarta.json.bind-api/3.0.1/jakarta.json.bind-api-3.0.1.jar:/home/marcelo/.m2/repository/org/jboss/resteasy/resteasy-json-p-provider/6.2.12.Final/resteasy-json-p-provider-6.2.12.Final.jar:/home/marcelo/.m2/repository/jakarta/json/jakarta.json-api/2.1.3/jakarta.json-api-2.1.3.jar:/home/marcelo/.m2/repository/commons-io/commons-io/2.19.0/commons-io-2.19.0.jar:/home/marcelo/.m2/repository/io/quarkus/quarkus-narayana-jta/3.22.2/quarkus-narayana-jta-3.22.2.jar:/home/marcelo/.m2/repository/io/quarkus/quarkus-core/3.22.2/quarkus-core-3.22.2.jar:/home/marcelo/.m2/repository/jakarta/annotation/jakarta.annotation-api/3.0.0/jakarta.annotation-api-3.0.0.jar:/home/marcelo/.m2/repository/jakarta/enterprise/jakarta.enterprise.cdi-api/4.1.0/jakarta.enterprise.cdi-api-4.1.0.jar:/home/marcelo/.m2/repository/jakarta/enterprise/jakarta.enterprise.lang-model/4.1.0/jakarta.enterprise.lang-model-4.1.0.jar:/home/marcelo/.m2/repository/jakarta/inject/jakarta.inject-api/2.0.1/jakarta.inject-api-2.0.1.jar:/home/marcelo/.m2/repository/io/smallrye/common/smallrye-common-os/2.12.0/smallrye-common-os-2.12.0.jar:/home/marcelo/.m2/repository/io/quarkus/quarkus-ide-launcher/3.22.2/quarkus-ide-launcher-3.22.2.jar:/home/marcelo/.m2/repository/io/quarkus/quarkus-development-mode-spi/3.22.2/quarkus-development-mode-spi-3.22.2.jar:/home/marcelo/.m2/repository/io/smallrye/config/smallrye-config/3.12.4/smallrye-config-3.12.4.jar:/home/marcelo/.m2/repository/io/smallrye/config/smallrye-config-core/3.12.4/smallrye-config-core-3.12.4.jar:/home/marcelo/.m2/repository/io/smallrye/config/smallrye-config-common/3.12.4/smallrye-config-common-3.12.4.jar:/home/marcelo/.m2/repository/org/jboss/logmanager/jboss-logmanager/3.1.2.Final/jboss-logmanager-3.1.2.Final.jar:/home/marcelo/.m2/repository/io/smallrye/common/smallrye-common-cpu/2.12.0/smallrye-common-cpu-2.12.0.jar:/home/marcelo/.m2/repository/io/smallrye/common/smallrye-common-expression/2.12.0/smallrye-common-expression-2.12.0.jar:/home/marcelo/.m2/repository/io/smallrye/common/smallrye-common-net/2.12.0/smallrye-common-net-2.12.0.jar:/home/marcelo/.m2/repository/io/smallrye/common/smallrye-common-ref/2.12.0/smallrye-common-ref-2.12.0.jar:/home/marcelo/.m2/repository/org/jboss/threads/jboss-threads/3.8.0.Final/jboss-threads-3.8.0.Final.jar:/home/marcelo/.m2/repository/io/smallrye/common/smallrye-common-function/2.12.0/smallrye-common-function-2.12.0.jar:/home/marcelo/.m2/repository/org/jboss/slf4j/slf4j-jboss-logmanager/2.0.0.Final/slf4j-jboss-logmanager-2.0.0.Final.jar:/home/marcelo/.m2/repository/org/wildfly/common/wildfly-common/2.0.1/wildfly-common-2.0.1.jar:/home/marcelo/.m2/repository/io/quarkus/quarkus-bootstrap-runner/3.22.2/quarkus-bootstrap-runner-3.22.2.jar:/home/marcelo/.m2/repository/io/quarkus/quarkus-fs-util/1.0.0/quarkus-fs-util-1.0.0.jar:/home/marcelo/.m2/repository/io/quarkus/quarkus-arc/3.22.2/quarkus-arc-3.22.2.jar:/home/marcelo/.m2/repository/io/quarkus/arc/arc/3.22.2/arc-3.22.2.jar:/home/marcelo/.m2/repository/org/eclipse/microprofile/context-propagation/microprofile-context-propagation-api/1.3/microprofile-context-propagation-api-1.3.jar:/home/marcelo/.m2/repository/io/quarkus/quarkus-transaction-annotations/3.22.2/quarkus-transaction-annotations-3.22.2.jar:/home/marcelo/.m2/repository/io/quarkus/quarkus-mutiny/3.22.2/quarkus-mutiny-3.22.2.jar:/home/marcelo/.m2/repository/io/smallrye/reactive/mutiny/2.8.0/mutiny-2.8.0.jar:/home/marcelo/.m2/repository/org/jctools/jctools-core/4.0.5/jctools-core-4.0.5.jar:/home/marcelo/.m2/repository/io/quarkus/quarkus-smallrye-context-propagation/3.22.2/quarkus-smallrye-context-propagation-3.22.2.jar:/home/marcelo/.m2/repository/io/smallrye/smallrye-context-propagation/2.2.1/smallrye-context-propagation-2.2.1.jar:/home/marcelo/.m2/repository/io/smallrye/smallrye-context-propagation-api/2.2.1/smallrye-context-propagation-api-2.2.1.jar:/home/marcelo/.m2/repository/io/smallrye/smallrye-context-propagation-storage/2.2.1/smallrye-context-propagation-storage-2.2.1.jar:/home/marcelo/.m2/repository/io/smallrye/reactive/mutiny-smallrye-context-propagation/2.8.0/mutiny-smallrye-context-propagation-2.8.0.jar:/home/marcelo/.m2/repository/io/quarkus/quarkus-datasource-common/3.22.2/quarkus-datasource-common-3.22.2.jar:/home/marcelo/.m2/repository/io/smallrye/smallrye-context-propagation-jta/2.2.1/smallrye-context-propagation-jta-2.2.1.jar:/home/marcelo/.m2/repository/jakarta/transaction/jakarta.transaction-api/2.0.1/jakarta.transaction-api-2.0.1.jar:/home/marcelo/.m2/repository/io/smallrye/reactive/smallrye-reactive-converter-api/3.0.3/smallrye-reactive-converter-api-3.0.3.jar:/home/marcelo/.m2/repository/org/reactivestreams/reactive-streams/1.0.4/reactive-streams-1.0.4.jar:/home/marcelo/.m2/repository/io/smallrye/reactive/smallrye-reactive-converter-mutiny/3.0.3/smallrye-reactive-converter-mutiny-3.0.3.jar:/home/marcelo/.m2/repository/io/smallrye/reactive/mutiny-zero-flow-adapters/1.1.1/mutiny-zero-flow-adapters-1.1.1.jar:/home/marcelo/.m2/repository/org/jboss/narayana/jta/narayana-jta/7.2.1.Final/narayana-jta-7.2.1.Final.jar:/home/marcelo/.m2/repository/jakarta/el/jakarta.el-api/5.0.1/jakarta.el-api-5.0.1.jar:/home/marcelo/.m2/repository/jakarta/interceptor/jakarta.interceptor-api/2.2.0/jakarta.interceptor-api-2.2.0.jar:/home/marcelo/.m2/repository/org/jboss/jboss-transaction-spi/8.0.0.Final/jboss-transaction-spi-8.0.0.Final.jar:/home/marcelo/.m2/repository/jakarta/resource/jakarta.resource-api/2.1.0/jakarta.resource-api-2.1.0.jar:/home/marcelo/.m2/repository/org/jboss/invocation/jboss-invocation/2.0.0.Final/jboss-invocation-2.0.0.Final.jar:/home/marcelo/.m2/repository/org/eclipse/microprofile/reactive-streams-operators/microprofile-reactive-streams-operators-api/3.0.1/microprofile-reactive-streams-operators-api-3.0.1.jar:/home/marcelo/.m2/repository/org/jboss/narayana/jts/narayana-jts-integration/7.2.1.Final/narayana-jts-integration-7.2.1.Final.jar:/home/marcelo/.m2/repository/io/quarkus/quarkus-jdbc-db2/3.22.2/quarkus-jdbc-db2-3.22.2.jar:/home/marcelo/.m2/repository/com/ibm/db2/jcc/12.1.0.0/jcc-12.1.0.0.jar:/home/marcelo/.m2/repository/io/quarkus/quarkus-agroal/3.22.2/quarkus-agroal-3.22.2.jar:/home/marcelo/.m2/repository/io/quarkus/quarkus-datasource/3.22.2/quarkus-datasource-3.22.2.jar:/home/marcelo/.m2/repository/io/agroal/agroal-api/2.6/agroal-api-2.6.jar:/home/marcelo/.m2/repository/io/agroal/agroal-narayana/2.6/agroal-narayana-2.6.jar:/home/marcelo/.m2/repository/io/agroal/agroal-pool/2.6/agroal-pool-2.6.jar:/home/marcelo/.m2/repository/io/quarkus/quarkus-hibernate-orm/3.22.2/quarkus-hibernate-orm-3.22.2.jar:/home/marcelo/.m2/repository/org/hibernate/orm/hibernate-core/6.6.13.Final/hibernate-core-6.6.13.Final.jar:/home/marcelo/.m2/repository/com/fasterxml/classmate/1.7.0/classmate-1.7.0.jar:/home/marcelo/.m2/repository/org/antlr/antlr4-runtime/4.13.0/antlr4-runtime-4.13.0.jar:/home/marcelo/.m2/repository/net/bytebuddy/byte-buddy/1.15.11/byte-buddy-1.15.11.jar:/home/marcelo/.m2/repository/org/hibernate/common/hibernate-commons-annotations/7.0.3.Final/hibernate-commons-annotations-7.0.3.Final.jar:/home/marcelo/.m2/repository/org/hibernate/orm/hibernate-graalvm/6.6.13.Final/hibernate-graalvm-6.6.13.Final.jar:/home/marcelo/.m2/repository/org/glassfish/jaxb/jaxb-runtime/4.0.5/jaxb-runtime-4.0.5.jar:/home/marcelo/.m2/repository/org/glassfish/jaxb/jaxb-core/4.0.5/jaxb-core-4.0.5.jar:/home/marcelo/.m2/repository/org/glassfish/jaxb/txw2/4.0.5/txw2-4.0.5.jar:/home/marcelo/.m2/repository/com/sun/istack/istack-commons-runtime/4.1.2/istack-commons-runtime-4.1.2.jar:/home/marcelo/.m2/repository/jakarta/xml/bind/jakarta.xml.bind-api/4.0.2/jakarta.xml.bind-api-4.0.2.jar:/home/marcelo/.m2/repository/jakarta/activation/jakarta.activation-api/2.1.3/jakarta.activation-api-2.1.3.jar:/home/marcelo/.m2/repository/jakarta/persistence/jakarta.persistence-api/3.1.0/jakarta.persistence-api-3.1.0.jar:/home/marcelo/.m2/repository/org/hibernate/quarkus-local-cache/0.3.1/quarkus-local-cache-0.3.1.jar:/home/marcelo/.m2/repository/io/quarkus/quarkus-caffeine/3.22.2/quarkus-caffeine-3.22.2.jar:/home/marcelo/.m2/repository/com/github/ben-manes/caffeine/caffeine/3.2.0/caffeine-3.2.0.jar:/home/marcelo/.m2/repository/org/jspecify/jspecify/1.0.0/jspecify-1.0.0.jar:/home/marcelo/.m2/repository/com/google/errorprone/error_prone_annotations/2.37.0/error_prone_annotations-2.37.0.jar:/home/marcelo/.m2/repository/io/quarkus/quarkus-hibernate-orm-panache/3.22.2/quarkus-hibernate-orm-panache-3.22.2.jar:/home/marcelo/.m2/repository/io/quarkus/quarkus-hibernate-orm-panache-common/3.22.2/quarkus-hibernate-orm-panache-common-3.22.2.jar:/home/marcelo/.m2/repository/io/quarkus/quarkus-panache-hibernate-common/3.22.2/quarkus-panache-hibernate-common-3.22.2.jar:/home/marcelo/.m2/repository/io/quarkus/quarkus-panache-common/3.22.2/quarkus-panache-common-3.22.2.jar:/home/marcelo/.m2/repository/io/quarkus/quarkus-jdbc-oracle/3.22.2/quarkus-jdbc-oracle-3.22.2.jar:/home/marcelo/.m2/repository/com/oracle/database/jdbc/ojdbc17/23.6.0.24.10/ojdbc17-23.6.0.24.10.jar:/home/marcelo/.m2/repository/com/oracle/database/nls/orai18n/23.6.0.24.10/orai18n-23.6.0.24.10.jar:/home/marcelo/.m2/repository/com/zaxxer/HikariCP/6.2.1/HikariCP-6.2.1.jar:/home/marcelo/.m2/repository/org/slf4j/slf4j-api/2.0.6/slf4j-api-2.0.6.jar:/home/marcelo/.m2/repository/com/cloudera/hive/jdbc/HS2Driver/hivejdbc42/2.6.26/hivejdbc42-2.6.26.jar:/home/marcelo/.m2/repository/io/quarkus/quarkus-redis-client/3.22.2/quarkus-redis-client-3.22.2.jar:/home/marcelo/.m2/repository/io/quarkus/quarkus-vertx/3.22.2/quarkus-vertx-3.22.2.jar:/home/marcelo/.m2/repository/io/quarkus/quarkus-netty/3.22.2/quarkus-netty-3.22.2.jar:/home/marcelo/.m2/repository/io/netty/netty-codec/4.1.119.Final/netty-codec-4.1.119.Final.jar:/home/marcelo/.m2/repository/io/netty/netty-codec-http/4.1.119.Final/netty-codec-http-4.1.119.Final.jar:/home/marcelo/.m2/repository/io/netty/netty-codec-http2/4.1.119.Final/netty-codec-http2-4.1.119.Final.jar:/home/marcelo/.m2/repository/io/netty/netty-handler/4.1.119.Final/netty-handler-4.1.119.Final.jar:/home/marcelo/.m2/repository/io/netty/netty-transport-native-unix-common/4.1.119.Final/netty-transport-native-unix-common-4.1.119.Final.jar:/home/marcelo/.m2/repository/io/netty/netty-codec-haproxy/4.1.119.Final/netty-codec-haproxy-4.1.119.Final.jar:/home/marcelo/.m2/repository/io/netty/netty-buffer/4.1.119.Final/netty-buffer-4.1.119.Final.jar:/home/marcelo/.m2/repository/io/netty/netty-transport/4.1.119.Final/netty-transport-4.1.119.Final.jar:/home/marcelo/.m2/repository/io/smallrye/common/smallrye-common-annotation/2.12.0/smallrye-common-annotation-2.12.0.jar:/home/marcelo/.m2/repository/io/quarkus/quarkus-virtual-threads/3.22.2/quarkus-virtual-threads-3.22.2.jar:/home/marcelo/.m2/repository/io/quarkus/quarkus-vertx-latebound-mdc-provider/3.22.2/quarkus-vertx-latebound-mdc-provider-3.22.2.jar:/home/marcelo/.m2/repository/io/smallrye/reactive/smallrye-mutiny-vertx-core/3.18.1/smallrye-mutiny-vertx-core-3.18.1.jar:/home/marcelo/.m2/repository/io/smallrye/reactive/smallrye-mutiny-vertx-runtime/3.18.1/smallrye-mutiny-vertx-runtime-3.18.1.jar:/home/marcelo/.m2/repository/io/smallrye/reactive/vertx-mutiny-generator/3.18.1/vertx-mutiny-generator-3.18.1.jar:/home/marcelo/.m2/repository/io/vertx/vertx-codegen/4.5.14/vertx-codegen-4.5.14.jar:/home/marcelo/.m2/repository/io/smallrye/smallrye-fault-tolerance-vertx/6.9.1/smallrye-fault-tolerance-vertx-6.9.1.jar:/home/marcelo/.m2/repository/io/quarkus/quarkus-jackson/3.22.2/quarkus-jackson-3.22.2.jar:/home/marcelo/.m2/repository/com/fasterxml/jackson/core/jackson-databind/2.18.3/jackson-databind-2.18.3.jar:/home/marcelo/.m2/repository/com/fasterxml/jackson/core/jackson-annotations/2.18.3/jackson-annotations-2.18.3.jar:/home/marcelo/.m2/repository/com/fasterxml/jackson/datatype/jackson-datatype-jsr310/2.18.3/jackson-datatype-jsr310-2.18.3.jar:/home/marcelo/.m2/repository/com/fasterxml/jackson/datatype/jackson-datatype-jdk8/2.18.3/jackson-datatype-jdk8-2.18.3.jar:/home/marcelo/.m2/repository/com/fasterxml/jackson/module/jackson-module-parameter-names/2.18.3/jackson-module-parameter-names-2.18.3.jar:/home/marcelo/.m2/repository/io/quarkus/quarkus-tls-registry/3.22.2/quarkus-tls-registry-3.22.2.jar:/home/marcelo/.m2/repository/io/quarkus/quarkus-tls-registry-spi/3.22.2/quarkus-tls-registry-spi-3.22.2.jar:/home/marcelo/.m2/repository/io/smallrye/certs/smallrye-private-key-pem-parser/0.9.2/smallrye-private-key-pem-parser-0.9.2.jar:/home/marcelo/.m2/repository/io/smallrye/reactive/smallrye-mutiny-vertx-redis-client/3.18.1/smallrye-mutiny-vertx-redis-client-3.18.1.jar:/home/marcelo/.m2/repository/io/vertx/vertx-redis-client/4.5.14/vertx-redis-client-4.5.14.jar:/home/marcelo/.m2/repository/org/projectlombok/lombok/1.18.34/lombok-1.18.34.jar:/home/marcelo/.m2/repository/org/mapstruct/mapstruct-processor/1.6.3/mapstruct-processor-1.6.3.jar:/home/marcelo/.m2/repository/io/quarkus/quarkus-jdbc-h2/3.22.2/quarkus-jdbc-h2-3.22.2.jar:/home/marcelo/.m2/repository/com/h2database/h2/2.3.230/h2-2.3.230.jar:/home/marcelo/.m2/repository/org/locationtech/jts/jts-core/1.19.0/jts-core-1.19.0.jar:/home/marcelo/.m2/repository/io/quarkus/quarkus-smallrye-openapi/3.22.2/quarkus-smallrye-openapi-3.22.2.jar:/home/marcelo/.m2/repository/io/smallrye/smallrye-open-api-core/4.0.10/smallrye-open-api-core-4.0.10.jar:/home/marcelo/.m2/repository/org/eclipse/microprofile/openapi/microprofile-openapi-api/4.0.2/microprofile-openapi-api-4.0.2.jar:/home/marcelo/.m2/repository/org/eclipse/microprofile/config/microprofile-config-api/3.1/microprofile-config-api-3.1.jar:/home/marcelo/.m2/repository/io/smallrye/smallrye-open-api-model/4.0.10/smallrye-open-api-model-4.0.10.jar:/home/marcelo/.m2/repository/com/fasterxml/jackson/core/jackson-core/2.18.3/jackson-core-2.18.3.jar:/home/marcelo/.m2/repository/com/fasterxml/jackson/dataformat/jackson-dataformat-yaml/2.18.3/jackson-dataformat-yaml-2.18.3.jar:/home/marcelo/.m2/repository/org/yaml/snakeyaml/2.4/snakeyaml-2.4.jar:/home/marcelo/.m2/repository/io/smallrye/jandex/3.3.0/jandex-3.3.0.jar:/home/marcelo/.m2/repository/io/smallrye/common/smallrye-common-classloader/2.12.0/smallrye-common-classloader-2.12.0.jar:/home/marcelo/.m2/repository/io/quarkus/quarkus-swagger-ui/3.22.2/quarkus-swagger-ui-3.22.2.jar:/home/marcelo/.m2/repository/io/quarkus/quarkus-smallrye-health/3.22.2/quarkus-smallrye-health-3.22.2.jar:/home/marcelo/.m2/repository/io/smallrye/smallrye-health/4.2.0/smallrye-health-4.2.0.jar:/home/marcelo/.m2/repository/org/eclipse/microprofile/health/microprofile-health-api/4.0.1/microprofile-health-api-4.0.1.jar:/home/marcelo/.m2/repository/io/smallrye/smallrye-health-api/4.2.0/smallrye-health-api-4.2.0.jar:/home/marcelo/.m2/repository/io/smallrye/smallrye-health-provided-checks/4.2.0/smallrye-health-provided-checks-4.2.0.jar:/home/marcelo/.m2/repository/io/quarkus/quarkus-jsonp/3.22.2/quarkus-jsonp-3.22.2.jar:/home/marcelo/.m2/repository/io/quarkus/quarkus-micrometer-registry-prometheus/3.22.2/quarkus-micrometer-registry-prometheus-3.22.2.jar:/home/marcelo/.m2/repository/io/quarkus/quarkus-micrometer/3.22.2/quarkus-micrometer-3.22.2.jar:/home/marcelo/.m2/repository/io/micrometer/micrometer-core/1.14.6/micrometer-core-1.14.6.jar:/home/marcelo/.m2/repository/io/micrometer/micrometer-commons/1.14.6/micrometer-commons-1.14.6.jar:/home/marcelo/.m2/repository/io/micrometer/micrometer-observation/1.14.6/micrometer-observation-1.14.6.jar:/home/marcelo/.m2/repository/org/hdrhistogram/HdrHistogram/2.2.2/HdrHistogram-2.2.2.jar:/home/marcelo/.m2/repository/org/latencyutils/LatencyUtils/2.0.3/LatencyUtils-2.0.3.jar:/home/marcelo/.m2/repository/io/micrometer/micrometer-registry-prometheus-simpleclient/1.14.6/micrometer-registry-prometheus-simpleclient-1.14.6.jar:/home/marcelo/.m2/repository/io/prometheus/simpleclient_common/0.16.0/simpleclient_common-0.16.0.jar:/home/marcelo/.m2/repository/io/prometheus/simpleclient/0.16.0/simpleclient-0.16.0.jar:/home/marcelo/.m2/repository/io/prometheus/simpleclient_tracer_otel/0.16.0/simpleclient_tracer_otel-0.16.0.jar:/home/marcelo/.m2/repository/io/prometheus/simpleclient_tracer_common/0.16.0/simpleclient_tracer_common-0.16.0.jar:/home/marcelo/.m2/repository/io/prometheus/simpleclient_tracer_otel_agent/0.16.0/simpleclient_tracer_otel_agent-0.16.0.jar:/home/marcelo/.m2/repository/org/mockito/mockito-junit-jupiter/5.14.2/mockito-junit-jupiter-5.14.2.jar:/home/marcelo/.m2/repository/org/mockito/mockito-core/5.17.0/mockito-core-5.17.0.jar:/home/marcelo/.m2/repository/net/bytebuddy/byte-buddy-agent/1.15.11/byte-buddy-agent-1.15.11.jar:/home/marcelo/.m2/repository/org/objenesis/objenesis/3.3/objenesis-3.3.jar:/home/marcelo/.m2/repository/org/junit/jupiter/junit-jupiter-api/5.12.2/junit-jupiter-api-5.12.2.jar:/home/marcelo/.m2/repository/org/opentest4j/opentest4j/1.3.0/opentest4j-1.3.0.jar:/home/marcelo/.m2/repository/org/junit/platform/junit-platform-commons/1.12.2/junit-platform-commons-1.12.2.jar:/home/marcelo/.m2/repository/org/apiguardian/apiguardian-api/1.1.2/apiguardian-api-1.1.2.jar:/home/marcelo/.m2/repository/io/quarkus/quarkus-junit5-mockito/3.22.2/quarkus-junit5-mockito-3.22.2.jar:/home/marcelo/.m2/repository/io/quarkus/quarkus-junit5-mockito-config/3.22.2/quarkus-junit5-mockito-config-3.22.2.jar:/home/marcelo/.m2/repository/io/quarkus/quarkus-arc-deployment/3.22.2/quarkus-arc-deployment-3.22.2.jar:/home/marcelo/.m2/repository/io/quarkus/quarkus-core-deployment/3.22.2/quarkus-core-deployment-3.22.2.jar:/home/marcelo/.m2/repository/org/aesh/readline/2.6/readline-2.6.jar:/home/marcelo/.m2/repository/org/fusesource/jansi/jansi/2.4.0/jansi-2.4.0.jar:/home/marcelo/.m2/repository/org/aesh/aesh/2.8.2/aesh-2.8.2.jar:/home/marcelo/.m2/repository/io/quarkus/gizmo/gizmo/1.9.0/gizmo-1.9.0.jar:/home/marcelo/.m2/repository/org/ow2/asm/asm-util/9.8/asm-util-9.8.jar:/home/marcelo/.m2/repository/org/ow2/asm/asm-analysis/9.8/asm-analysis-9.8.jar:/home/marcelo/.m2/repository/io/quarkus/quarkus-hibernate-validator-spi/3.22.2/quarkus-hibernate-validator-spi-3.22.2.jar:/home/marcelo/.m2/repository/io/quarkus/quarkus-class-change-agent/3.22.2/quarkus-class-change-agent-3.22.2.jar:/home/marcelo/.m2/repository/io/quarkus/quarkus-devtools-utilities/3.22.2/quarkus-devtools-utilities-3.22.2.jar:/home/marcelo/.m2/repository/io/quarkus/quarkus-builder/3.22.2/quarkus-builder-3.22.2.jar:/home/marcelo/.m2/repository/org/graalvm/sdk/nativeimage/23.1.2/nativeimage-23.1.2.jar:/home/marcelo/.m2/repository/org/graalvm/sdk/word/23.1.2/word-23.1.2.jar:/home/marcelo/.m2/repository/org/junit/platform/junit-platform-launcher/1.12.2/junit-platform-launcher-1.12.2.jar:/home/marcelo/.m2/repository/io/quarkus/quarkus-smallrye-context-propagation-spi/3.22.2/quarkus-smallrye-context-propagation-spi-3.22.2.jar:/home/marcelo/.m2/repository/io/quarkus/quarkus-vertx-http-dev-ui-spi/3.22.2/quarkus-vertx-http-dev-ui-spi-3.22.2.jar:/home/marcelo/.m2/repository/io/quarkus/arc/arc-processor/3.22.2/arc-processor-3.22.2.jar:/home/marcelo/.m2/repository/io/quarkus/quarkus-junit5/3.22.2/quarkus-junit5-3.22.2.jar:/home/marcelo/.m2/repository/io/quarkus/quarkus-bootstrap-core/3.22.2/quarkus-bootstrap-core-3.22.2.jar:/home/marcelo/.m2/repository/io/quarkus/quarkus-classloader-commons/3.22.2/quarkus-classloader-commons-3.22.2.jar:/home/marcelo/.m2/repository/io/quarkus/quarkus-bootstrap-app-model/3.22.2/quarkus-bootstrap-app-model-3.22.2.jar:/home/marcelo/.m2/repository/io/smallrye/common/smallrye-common-io/2.12.0/smallrye-common-io-2.12.0.jar:/home/marcelo/.m2/repository/org/eclipse/sisu/org.eclipse.sisu.inject/0.9.0.M3/org.eclipse.sisu.inject-0.9.0.M3.jar:/home/marcelo/.m2/repository/io/quarkus/quarkus-test-common/3.22.2/quarkus-test-common-3.22.2.jar:/home/marcelo/.m2/repository/io/quarkus/quarkus-bootstrap-maven-resolver/3.22.2/quarkus-bootstrap-maven-resolver-3.22.2.jar:/home/marcelo/.m2/repository/io/smallrye/beanbag/smallrye-beanbag-maven/1.5.2/smallrye-beanbag-maven-1.5.2.jar:/home/marcelo/.m2/repository/io/smallrye/beanbag/smallrye-beanbag-sisu/1.5.2/smallrye-beanbag-sisu-1.5.2.jar:/home/marcelo/.m2/repository/io/smallrye/beanbag/smallrye-beanbag/1.5.2/smallrye-beanbag-1.5.2.jar:/home/marcelo/.m2/repository/javax/inject/javax.inject/1/javax.inject-1.jar:/home/marcelo/.m2/repository/org/apache/maven/maven-artifact/3.9.9/maven-artifact-3.9.9.jar:/home/marcelo/.m2/repository/org/apache/maven/maven-builder-support/3.9.9/maven-builder-support-3.9.9.jar:/home/marcelo/.m2/repository/org/apache/maven/maven-model/3.9.9/maven-model-3.9.9.jar:/home/marcelo/.m2/repository/org/apache/maven/maven-model-builder/3.9.9/maven-model-builder-3.9.9.jar:/home/marcelo/.m2/repository/org/apache/maven/maven-repository-metadata/3.9.9/maven-repository-metadata-3.9.9.jar:/home/marcelo/.m2/repository/org/apache/maven/maven-settings/3.9.9/maven-settings-3.9.9.jar:/home/marcelo/.m2/repository/org/apache/maven/resolver/maven-resolver-api/1.9.22/maven-resolver-api-1.9.22.jar:/home/marcelo/.m2/repository/org/apache/maven/resolver/maven-resolver-impl/1.9.22/maven-resolver-impl-1.9.22.jar:/home/marcelo/.m2/repository/org/apache/maven/resolver/maven-resolver-named-locks/1.9.22/maven-resolver-named-locks-1.9.22.jar:/home/marcelo/.m2/repository/org/apache/maven/resolver/maven-resolver-spi/1.9.22/maven-resolver-spi-1.9.22.jar:/home/marcelo/.m2/repository/org/apache/maven/resolver/maven-resolver-util/1.9.22/maven-resolver-util-1.9.22.jar:/home/marcelo/.m2/repository/org/apache/maven/resolver/maven-resolver-transport-http/1.9.20/maven-resolver-transport-http-1.9.20.jar:/home/marcelo/.m2/repository/org/apache/maven/wagon/wagon-provider-api/3.5.3/wagon-provider-api-3.5.3.jar:/home/marcelo/.m2/repository/org/apache/maven/wagon/wagon-http-shared/3.5.3/wagon-http-shared-3.5.3.jar:/home/marcelo/.m2/repository/org/codehaus/plexus/plexus-interpolation/1.26/plexus-interpolation-1.26.jar:/home/marcelo/.m2/repository/org/codehaus/plexus/plexus-utils/3.5.1/plexus-utils-3.5.1.jar:/home/marcelo/.m2/repository/org/codehaus/plexus/plexus-xml/4.0.1/plexus-xml-4.0.1.jar:/home/marcelo/.m2/repository/org/apache/maven/maven-xml-impl/4.0.0-alpha-5/maven-xml-impl-4.0.0-alpha-5.jar:/home/marcelo/.m2/repository/org/apache/maven/maven-api-xml/4.0.0-alpha-5/maven-api-xml-4.0.0-alpha-5.jar:/home/marcelo/.m2/repository/org/apache/maven/maven-api-meta/4.0.0-alpha-5/maven-api-meta-4.0.0-alpha-5.jar:/home/marcelo/.m2/repository/org/codehaus/plexus/plexus-cipher/2.0/plexus-cipher-2.0.jar:/home/marcelo/.m2/repository/org/codehaus/plexus/plexus-sec-dispatcher/2.0/plexus-sec-dispatcher-2.0.jar:/home/marcelo/.m2/repository/org/apache/maven/maven-embedder/3.9.9/maven-embedder-3.9.9.jar:/home/marcelo/.m2/repository/org/apache/maven/maven-core/3.9.9/maven-core-3.9.9.jar:/home/marcelo/.m2/repository/org/codehaus/plexus/plexus-component-annotations/2.1.0/plexus-component-annotations-2.1.0.jar:/home/marcelo/.m2/repository/org/apache/maven/maven-plugin-api/3.9.9/maven-plugin-api-3.9.9.jar:/home/marcelo/.m2/repository/org/apache/maven/shared/maven-shared-utils/3.4.2/maven-shared-utils-3.4.2.jar:/home/marcelo/.m2/repository/com/google/inject/guice/5.1.0/guice-5.1.0.jar:/home/marcelo/.m2/repository/aopalliance/aopalliance/1.0/aopalliance-1.0.jar:/home/marcelo/.m2/repository/com/google/guava/guava/33.4.8-jre/guava-33.4.8-jre.jar:/home/marcelo/.m2/repository/com/google/guava/failureaccess/1.0.1/failureaccess-1.0.1.jar:/home/marcelo/.m2/repository/javax/annotation/javax.annotation-api/1.3.2/javax.annotation-api-1.3.2.jar:/home/marcelo/.m2/repository/org/codehaus/plexus/plexus-classworlds/2.6.0/plexus-classworlds-2.6.0.jar:/home/marcelo/.m2/repository/commons-cli/commons-cli/1.8.0/commons-cli-1.8.0.jar:/home/marcelo/.m2/repository/org/eclipse/sisu/org.eclipse.sisu.plexus/0.9.0.M3/org.eclipse.sisu.plexus-0.9.0.M3.jar:/home/marcelo/.m2/repository/org/apache/maven/maven-settings-builder/3.9.9/maven-settings-builder-3.9.9.jar:/home/marcelo/.m2/repository/org/apache/maven/maven-resolver-provider/3.9.9/maven-resolver-provider-3.9.9.jar:/home/marcelo/.m2/repository/org/apache/maven/resolver/maven-resolver-connector-basic/1.9.22/maven-resolver-connector-basic-1.9.22.jar:/home/marcelo/.m2/repository/org/apache/maven/resolver/maven-resolver-transport-wagon/1.9.22/maven-resolver-transport-wagon-1.9.22.jar:/home/marcelo/.m2/repository/org/apache/maven/wagon/wagon-http/3.5.3/wagon-http-3.5.3.jar:/home/marcelo/.m2/repository/org/apache/maven/wagon/wagon-file/3.5.3/wagon-file-3.5.3.jar:/home/marcelo/.m2/repository/io/quarkus/quarkus-bootstrap-gradle-resolver/3.22.2/quarkus-bootstrap-gradle-resolver-3.22.2.jar:/home/marcelo/.m2/repository/org/jboss/logging/commons-logging-jboss-logging/1.0.0.Final/commons-logging-jboss-logging-1.0.0.Final.jar:/home/marcelo/.m2/repository/io/quarkus/quarkus-junit5-config/3.22.2/quarkus-junit5-config-3.22.2.jar:/home/marcelo/.m2/repository/org/junit/jupiter/junit-jupiter/5.12.2/junit-jupiter-5.12.2.jar:/home/marcelo/.m2/repository/org/junit/jupiter/junit-jupiter-params/5.12.2/junit-jupiter-params-5.12.2.jar:/home/marcelo/.m2/repository/org/junit/jupiter/junit-jupiter-engine/5.12.2/junit-jupiter-engine-5.12.2.jar:/home/marcelo/.m2/repository/org/junit/platform/junit-platform-engine/1.12.2/junit-platform-engine-1.12.2.jar:/home/marcelo/.m2/repository/io/rest-assured/rest-assured/5.5.1/rest-assured-5.5.1.jar:/home/marcelo/.m2/repository/org/apache/groovy/groovy/4.0.22/groovy-4.0.22.jar:/home/marcelo/.m2/repository/org/apache/groovy/groovy-xml/4.0.22/groovy-xml-4.0.22.jar:/home/marcelo/.m2/repository/org/apache/httpcomponents/httpclient/4.5.14/httpclient-4.5.14.jar:/home/marcelo/.m2/repository/org/apache/httpcomponents/httpcore/4.4.16/httpcore-4.4.16.jar:/home/marcelo/.m2/repository/commons-codec/commons-codec/1.18.0/commons-codec-1.18.0.jar:/home/marcelo/.m2/repository/org/apache/httpcomponents/httpmime/4.5.14/httpmime-4.5.14.jar:/home/marcelo/.m2/repository/org/hamcrest/hamcrest/2.2/hamcrest-2.2.jar:/home/marcelo/.m2/repository/org/ccil/cowan/tagsoup/tagsoup/1.2.1/tagsoup-1.2.1.jar:/home/marcelo/.m2/repository/io/rest-assured/json-path/5.5.1/json-path-5.5.1.jar:/home/marcelo/.m2/repository/org/apache/groovy/groovy-json/4.0.22/groovy-json-4.0.22.jar:/home/marcelo/.m2/repository/io/rest-assured/rest-assured-common/5.5.1/rest-assured-common-5.5.1.jar:/home/marcelo/.m2/repository/io/rest-assured/xml-path/5.5.1/xml-path-5.5.1.jar:/home/marcelo/.m2/repository/org/apache/commons/commons-lang3/3.17.0/commons-lang3-3.17.0.jar:/home/marcelo/.m2/repository/io/quarkus/quarkus-test-h2/3.22.2/quarkus-test-h2-3.22.2.jar:/home/marcelo/.m2/repository/io/quarkus/quarkus-jacoco/3.22.2/quarkus-jacoco-3.22.2.jar:/home/marcelo/.m2/repository/org/jacoco/org.jacoco.core/0.8.13/org.jacoco.core-0.8.13.jar:/home/marcelo/.m2/repository/org/ow2/asm/asm/9.8/asm-9.8.jar:/home/marcelo/.m2/repository/org/ow2/asm/asm-tree/9.8/asm-tree-9.8.jar:/home/marcelo/.m2/repository/org/jacoco/org.jacoco.report/0.8.13/org.jacoco.report-0.8.13.jar:/home/marcelo/.m2/repository/org/jacoco/org.jacoco.agent/0.8.13/org.jacoco.agent-0.8.13.jar:/home/marcelo/.m2/repository/org/jacoco/org.jacoco.agent/0.8.13/org.jacoco.agent-0.8.13-runtime.jar:/home/marcelo/.m2/repository/org/ow2/asm/asm-commons/9.8/asm-commons-9.8.jar:"/>
    <property name="java.vm.vendor" value="Oracle Corporation"/>
    <property name="sun.arch.data.model" value="64"/>
    <property name="java.vendor.url" value="https://java.oracle.com/"/>
    <property name="user.timezone" value="America/Sao_Paulo"/>
    <property name="logging.initial-configurator.min-level" value="500"/>
    <property name="os.name" value="Linux"/>
    <property name="java.vm.specification.version" value="21"/>
    <property name="sun.java.launcher" value="SUN_STANDARD"/>
    <property name="groovy.use.classvalue" value="false"/>
    <property name="sun.boot.library.path" value="/home/marcelo/java/jdk-21.0.6/lib"/>
    <property name="sun.java.command" value="/home/marcelo/Development/Java/projetos/multiple_databases_test/target/surefire/surefirebooter-20250522012452702_3.jar /home/marcelo/Development/Java/projetos/multiple_databases_test/target/surefire 2025-05-22T01-24-52_577-jvmRun1 surefire-20250522012452702_1tmp surefire_0-20250522012452702_2tmp"/>
    <property name="jdk.debug" value="release"/>
    <property name="maven.home" value="/usr/share/maven"/>
    <property name="surefire.test.class.path" value="/home/marcelo/Development/Java/projetos/multiple_databases_test/target/test-classes:/home/marcelo/Development/Java/projetos/multiple_databases_test/target/classes:/home/marcelo/.m2/repository/io/quarkus/quarkus-resteasy/3.22.2/quarkus-resteasy-3.22.2.jar:/home/marcelo/.m2/repository/io/quarkus/quarkus-vertx-http/3.22.2/quarkus-vertx-http-3.22.2.jar:/home/marcelo/.m2/repository/io/quarkus/quarkus-security-runtime-spi/3.22.2/quarkus-security-runtime-spi-3.22.2.jar:/home/marcelo/.m2/repository/io/quarkus/quarkus-credentials/3.22.2/quarkus-credentials-3.22.2.jar:/home/marcelo/.m2/repository/io/smallrye/common/smallrye-common-vertx-context/2.12.0/smallrye-common-vertx-context-2.12.0.jar:/home/marcelo/.m2/repository/io/vertx/vertx-core/4.5.14/vertx-core-4.5.14.jar:/home/marcelo/.m2/repository/io/netty/netty-common/4.1.119.Final/netty-common-4.1.119.Final.jar:/home/marcelo/.m2/repository/io/netty/netty-handler-proxy/4.1.119.Final/netty-handler-proxy-4.1.119.Final.jar:/home/marcelo/.m2/repository/io/netty/netty-codec-socks/4.1.119.Final/netty-codec-socks-4.1.119.Final.jar:/home/marcelo/.m2/repository/io/netty/netty-resolver/4.1.119.Final/netty-resolver-4.1.119.Final.jar:/home/marcelo/.m2/repository/io/netty/netty-resolver-dns/4.1.119.Final/netty-resolver-dns-4.1.119.Final.jar:/home/marcelo/.m2/repository/io/netty/netty-codec-dns/4.1.119.Final/netty-codec-dns-4.1.119.Final.jar:/home/marcelo/.m2/repository/io/smallrye/common/smallrye-common-constraint/2.12.0/smallrye-common-constraint-2.12.0.jar:/home/marcelo/.m2/repository/io/quarkus/security/quarkus-security/2.2.1/quarkus-security-2.2.1.jar:/home/marcelo/.m2/repository/io/smallrye/reactive/smallrye-mutiny-vertx-web/3.18.1/smallrye-mutiny-vertx-web-3.18.1.jar:/home/marcelo/.m2/repository/io/smallrye/reactive/smallrye-mutiny-vertx-web-common/3.18.1/smallrye-mutiny-vertx-web-common-3.18.1.jar:/home/marcelo/.m2/repository/io/smallrye/reactive/smallrye-mutiny-vertx-auth-common/3.18.1/smallrye-mutiny-vertx-auth-common-3.18.1.jar:/home/marcelo/.m2/repository/io/smallrye/reactive/smallrye-mutiny-vertx-bridge-common/3.18.1/smallrye-mutiny-vertx-bridge-common-3.18.1.jar:/home/marcelo/.m2/repository/io/smallrye/reactive/smallrye-mutiny-vertx-uri-template/3.18.1/smallrye-mutiny-vertx-uri-template-3.18.1.jar:/home/marcelo/.m2/repository/io/vertx/vertx-uri-template/4.5.14/vertx-uri-template-4.5.14.jar:/home/marcelo/.m2/repository/io/vertx/vertx-web/4.5.14/vertx-web-4.5.14.jar:/home/marcelo/.m2/repository/io/vertx/vertx-web-common/4.5.14/vertx-web-common-4.5.14.jar:/home/marcelo/.m2/repository/io/vertx/vertx-auth-common/4.5.14/vertx-auth-common-4.5.14.jar:/home/marcelo/.m2/repository/io/vertx/vertx-bridge-common/4.5.14/vertx-bridge-common-4.5.14.jar:/home/marcelo/.m2/repository/io/github/crac/org-crac/0.1.3/org-crac-0.1.3.jar:/home/marcelo/.m2/repository/com/aayushatharva/brotli4j/brotli4j/1.16.0/brotli4j-1.16.0.jar:/home/marcelo/.m2/repository/com/aayushatharva/brotli4j/service/1.16.0/service-1.16.0.jar:/home/marcelo/.m2/repository/com/aayushatharva/brotli4j/native-linux-x86_64/1.16.0/native-linux-x86_64-1.16.0.jar:/home/marcelo/.m2/repository/io/quarkus/vertx/utils/quarkus-vertx-utils/3.22.2/quarkus-vertx-utils-3.22.2.jar:/home/marcelo/.m2/repository/org/jboss/logging/jboss-logging/3.6.1.Final/jboss-logging-3.6.1.Final.jar:/home/marcelo/.m2/repository/io/quarkus/quarkus-resteasy-server-common/3.22.2/quarkus-resteasy-server-common-3.22.2.jar:/home/marcelo/.m2/repository/io/quarkus/quarkus-resteasy-common/3.22.2/quarkus-resteasy-common-3.22.2.jar:/home/marcelo/.m2/repository/org/eclipse/angus/angus-activation/2.0.2/angus-activation-2.0.2.jar:/home/marcelo/.m2/repository/jakarta/ws/rs/jakarta.ws.rs-api/3.1.0/jakarta.ws.rs-api-3.1.0.jar:/home/marcelo/.m2/repository/org/jboss/resteasy/microprofile/microprofile-config/3.0.1.Final/microprofile-config-3.0.1.Final.jar:/home/marcelo/.m2/repository/jakarta/servlet/jakarta.servlet-api/6.0.0/jakarta.servlet-api-6.0.0.jar:/home/marcelo/.m2/repository/org/jboss/resteasy/resteasy-cdi/6.2.12.Final/resteasy-cdi-6.2.12.Final.jar:/home/marcelo/.m2/repository/jakarta/validation/jakarta.validation-api/3.0.2/jakarta.validation-api-3.0.2.jar:/home/marcelo/.m2/repository/io/quarkus/quarkus-resteasy-jsonb/3.22.2/quarkus-resteasy-jsonb-3.22.2.jar:/home/marcelo/.m2/repository/io/quarkus/quarkus-jsonb/3.22.2/quarkus-jsonb-3.22.2.jar:/home/marcelo/.m2/repository/org/eclipse/yasson/3.0.4/yasson-3.0.4.jar:/home/marcelo/.m2/repository/org/jboss/resteasy/resteasy-json-binding-provider/6.2.12.Final/resteasy-json-binding-provider-6.2.12.Final.jar:/home/marcelo/.m2/repository/org/jboss/resteasy/resteasy-core-spi/6.2.12.Final/resteasy-core-spi-6.2.12.Final.jar:/home/marcelo/.m2/repository/org/jboss/resteasy/resteasy-core/6.2.12.Final/resteasy-core-6.2.12.Final.jar:/home/marcelo/.m2/repository/com/ibm/async/asyncutil/0.1.0/asyncutil-0.1.0.jar:/home/marcelo/.m2/repository/org/eclipse/parsson/parsson/1.1.7/parsson-1.1.7.jar:/home/marcelo/.m2/repository/jakarta/json/bind/jakarta.json.bind-api/3.0.1/jakarta.json.bind-api-3.0.1.jar:/home/marcelo/.m2/repository/org/jboss/resteasy/resteasy-json-p-provider/6.2.12.Final/resteasy-json-p-provider-6.2.12.Final.jar:/home/marcelo/.m2/repository/jakarta/json/jakarta.json-api/2.1.3/jakarta.json-api-2.1.3.jar:/home/marcelo/.m2/repository/commons-io/commons-io/2.19.0/commons-io-2.19.0.jar:/home/marcelo/.m2/repository/io/quarkus/quarkus-narayana-jta/3.22.2/quarkus-narayana-jta-3.22.2.jar:/home/marcelo/.m2/repository/io/quarkus/quarkus-core/3.22.2/quarkus-core-3.22.2.jar:/home/marcelo/.m2/repository/jakarta/annotation/jakarta.annotation-api/3.0.0/jakarta.annotation-api-3.0.0.jar:/home/marcelo/.m2/repository/jakarta/enterprise/jakarta.enterprise.cdi-api/4.1.0/jakarta.enterprise.cdi-api-4.1.0.jar:/home/marcelo/.m2/repository/jakarta/enterprise/jakarta.enterprise.lang-model/4.1.0/jakarta.enterprise.lang-model-4.1.0.jar:/home/marcelo/.m2/repository/jakarta/inject/jakarta.inject-api/2.0.1/jakarta.inject-api-2.0.1.jar:/home/marcelo/.m2/repository/io/smallrye/common/smallrye-common-os/2.12.0/smallrye-common-os-2.12.0.jar:/home/marcelo/.m2/repository/io/quarkus/quarkus-ide-launcher/3.22.2/quarkus-ide-launcher-3.22.2.jar:/home/marcelo/.m2/repository/io/quarkus/quarkus-development-mode-spi/3.22.2/quarkus-development-mode-spi-3.22.2.jar:/home/marcelo/.m2/repository/io/smallrye/config/smallrye-config/3.12.4/smallrye-config-3.12.4.jar:/home/marcelo/.m2/repository/io/smallrye/config/smallrye-config-core/3.12.4/smallrye-config-core-3.12.4.jar:/home/marcelo/.m2/repository/io/smallrye/config/smallrye-config-common/3.12.4/smallrye-config-common-3.12.4.jar:/home/marcelo/.m2/repository/org/jboss/logmanager/jboss-logmanager/3.1.2.Final/jboss-logmanager-3.1.2.Final.jar:/home/marcelo/.m2/repository/io/smallrye/common/smallrye-common-cpu/2.12.0/smallrye-common-cpu-2.12.0.jar:/home/marcelo/.m2/repository/io/smallrye/common/smallrye-common-expression/2.12.0/smallrye-common-expression-2.12.0.jar:/home/marcelo/.m2/repository/io/smallrye/common/smallrye-common-net/2.12.0/smallrye-common-net-2.12.0.jar:/home/marcelo/.m2/repository/io/smallrye/common/smallrye-common-ref/2.12.0/smallrye-common-ref-2.12.0.jar:/home/marcelo/.m2/repository/org/jboss/threads/jboss-threads/3.8.0.Final/jboss-threads-3.8.0.Final.jar:/home/marcelo/.m2/repository/io/smallrye/common/smallrye-common-function/2.12.0/smallrye-common-function-2.12.0.jar:/home/marcelo/.m2/repository/org/jboss/slf4j/slf4j-jboss-logmanager/2.0.0.Final/slf4j-jboss-logmanager-2.0.0.Final.jar:/home/marcelo/.m2/repository/org/wildfly/common/wildfly-common/2.0.1/wildfly-common-2.0.1.jar:/home/marcelo/.m2/repository/io/quarkus/quarkus-bootstrap-runner/3.22.2/quarkus-bootstrap-runner-3.22.2.jar:/home/marcelo/.m2/repository/io/quarkus/quarkus-fs-util/1.0.0/quarkus-fs-util-1.0.0.jar:/home/marcelo/.m2/repository/io/quarkus/quarkus-arc/3.22.2/quarkus-arc-3.22.2.jar:/home/marcelo/.m2/repository/io/quarkus/arc/arc/3.22.2/arc-3.22.2.jar:/home/marcelo/.m2/repository/org/eclipse/microprofile/context-propagation/microprofile-context-propagation-api/1.3/microprofile-context-propagation-api-1.3.jar:/home/marcelo/.m2/repository/io/quarkus/quarkus-transaction-annotations/3.22.2/quarkus-transaction-annotations-3.22.2.jar:/home/marcelo/.m2/repository/io/quarkus/quarkus-mutiny/3.22.2/quarkus-mutiny-3.22.2.jar:/home/marcelo/.m2/repository/io/smallrye/reactive/mutiny/2.8.0/mutiny-2.8.0.jar:/home/marcelo/.m2/repository/org/jctools/jctools-core/4.0.5/jctools-core-4.0.5.jar:/home/marcelo/.m2/repository/io/quarkus/quarkus-smallrye-context-propagation/3.22.2/quarkus-smallrye-context-propagation-3.22.2.jar:/home/marcelo/.m2/repository/io/smallrye/smallrye-context-propagation/2.2.1/smallrye-context-propagation-2.2.1.jar:/home/marcelo/.m2/repository/io/smallrye/smallrye-context-propagation-api/2.2.1/smallrye-context-propagation-api-2.2.1.jar:/home/marcelo/.m2/repository/io/smallrye/smallrye-context-propagation-storage/2.2.1/smallrye-context-propagation-storage-2.2.1.jar:/home/marcelo/.m2/repository/io/smallrye/reactive/mutiny-smallrye-context-propagation/2.8.0/mutiny-smallrye-context-propagation-2.8.0.jar:/home/marcelo/.m2/repository/io/quarkus/quarkus-datasource-common/3.22.2/quarkus-datasource-common-3.22.2.jar:/home/marcelo/.m2/repository/io/smallrye/smallrye-context-propagation-jta/2.2.1/smallrye-context-propagation-jta-2.2.1.jar:/home/marcelo/.m2/repository/jakarta/transaction/jakarta.transaction-api/2.0.1/jakarta.transaction-api-2.0.1.jar:/home/marcelo/.m2/repository/io/smallrye/reactive/smallrye-reactive-converter-api/3.0.3/smallrye-reactive-converter-api-3.0.3.jar:/home/marcelo/.m2/repository/org/reactivestreams/reactive-streams/1.0.4/reactive-streams-1.0.4.jar:/home/marcelo/.m2/repository/io/smallrye/reactive/smallrye-reactive-converter-mutiny/3.0.3/smallrye-reactive-converter-mutiny-3.0.3.jar:/home/marcelo/.m2/repository/io/smallrye/reactive/mutiny-zero-flow-adapters/1.1.1/mutiny-zero-flow-adapters-1.1.1.jar:/home/marcelo/.m2/repository/org/jboss/narayana/jta/narayana-jta/7.2.1.Final/narayana-jta-7.2.1.Final.jar:/home/marcelo/.m2/repository/jakarta/el/jakarta.el-api/5.0.1/jakarta.el-api-5.0.1.jar:/home/marcelo/.m2/repository/jakarta/interceptor/jakarta.interceptor-api/2.2.0/jakarta.interceptor-api-2.2.0.jar:/home/marcelo/.m2/repository/org/jboss/jboss-transaction-spi/8.0.0.Final/jboss-transaction-spi-8.0.0.Final.jar:/home/marcelo/.m2/repository/jakarta/resource/jakarta.resource-api/2.1.0/jakarta.resource-api-2.1.0.jar:/home/marcelo/.m2/repository/org/jboss/invocation/jboss-invocation/2.0.0.Final/jboss-invocation-2.0.0.Final.jar:/home/marcelo/.m2/repository/org/eclipse/microprofile/reactive-streams-operators/microprofile-reactive-streams-operators-api/3.0.1/microprofile-reactive-streams-operators-api-3.0.1.jar:/home/marcelo/.m2/repository/org/jboss/narayana/jts/narayana-jts-integration/7.2.1.Final/narayana-jts-integration-7.2.1.Final.jar:/home/marcelo/.m2/repository/io/quarkus/quarkus-jdbc-db2/3.22.2/quarkus-jdbc-db2-3.22.2.jar:/home/marcelo/.m2/repository/com/ibm/db2/jcc/12.1.0.0/jcc-12.1.0.0.jar:/home/marcelo/.m2/repository/io/quarkus/quarkus-agroal/3.22.2/quarkus-agroal-3.22.2.jar:/home/marcelo/.m2/repository/io/quarkus/quarkus-datasource/3.22.2/quarkus-datasource-3.22.2.jar:/home/marcelo/.m2/repository/io/agroal/agroal-api/2.6/agroal-api-2.6.jar:/home/marcelo/.m2/repository/io/agroal/agroal-narayana/2.6/agroal-narayana-2.6.jar:/home/marcelo/.m2/repository/io/agroal/agroal-pool/2.6/agroal-pool-2.6.jar:/home/marcelo/.m2/repository/io/quarkus/quarkus-hibernate-orm/3.22.2/quarkus-hibernate-orm-3.22.2.jar:/home/marcelo/.m2/repository/org/hibernate/orm/hibernate-core/6.6.13.Final/hibernate-core-6.6.13.Final.jar:/home/marcelo/.m2/repository/com/fasterxml/classmate/1.7.0/classmate-1.7.0.jar:/home/marcelo/.m2/repository/org/antlr/antlr4-runtime/4.13.0/antlr4-runtime-4.13.0.jar:/home/marcelo/.m2/repository/net/bytebuddy/byte-buddy/1.15.11/byte-buddy-1.15.11.jar:/home/marcelo/.m2/repository/org/hibernate/common/hibernate-commons-annotations/7.0.3.Final/hibernate-commons-annotations-7.0.3.Final.jar:/home/marcelo/.m2/repository/org/hibernate/orm/hibernate-graalvm/6.6.13.Final/hibernate-graalvm-6.6.13.Final.jar:/home/marcelo/.m2/repository/org/glassfish/jaxb/jaxb-runtime/4.0.5/jaxb-runtime-4.0.5.jar:/home/marcelo/.m2/repository/org/glassfish/jaxb/jaxb-core/4.0.5/jaxb-core-4.0.5.jar:/home/marcelo/.m2/repository/org/glassfish/jaxb/txw2/4.0.5/txw2-4.0.5.jar:/home/marcelo/.m2/repository/com/sun/istack/istack-commons-runtime/4.1.2/istack-commons-runtime-4.1.2.jar:/home/marcelo/.m2/repository/jakarta/xml/bind/jakarta.xml.bind-api/4.0.2/jakarta.xml.bind-api-4.0.2.jar:/home/marcelo/.m2/repository/jakarta/activation/jakarta.activation-api/2.1.3/jakarta.activation-api-2.1.3.jar:/home/marcelo/.m2/repository/jakarta/persistence/jakarta.persistence-api/3.1.0/jakarta.persistence-api-3.1.0.jar:/home/marcelo/.m2/repository/org/hibernate/quarkus-local-cache/0.3.1/quarkus-local-cache-0.3.1.jar:/home/marcelo/.m2/repository/io/quarkus/quarkus-caffeine/3.22.2/quarkus-caffeine-3.22.2.jar:/home/marcelo/.m2/repository/com/github/ben-manes/caffeine/caffeine/3.2.0/caffeine-3.2.0.jar:/home/marcelo/.m2/repository/org/jspecify/jspecify/1.0.0/jspecify-1.0.0.jar:/home/marcelo/.m2/repository/com/google/errorprone/error_prone_annotations/2.37.0/error_prone_annotations-2.37.0.jar:/home/marcelo/.m2/repository/io/quarkus/quarkus-hibernate-orm-panache/3.22.2/quarkus-hibernate-orm-panache-3.22.2.jar:/home/marcelo/.m2/repository/io/quarkus/quarkus-hibernate-orm-panache-common/3.22.2/quarkus-hibernate-orm-panache-common-3.22.2.jar:/home/marcelo/.m2/repository/io/quarkus/quarkus-panache-hibernate-common/3.22.2/quarkus-panache-hibernate-common-3.22.2.jar:/home/marcelo/.m2/repository/io/quarkus/quarkus-panache-common/3.22.2/quarkus-panache-common-3.22.2.jar:/home/marcelo/.m2/repository/io/quarkus/quarkus-jdbc-oracle/3.22.2/quarkus-jdbc-oracle-3.22.2.jar:/home/marcelo/.m2/repository/com/oracle/database/jdbc/ojdbc17/23.6.0.24.10/ojdbc17-23.6.0.24.10.jar:/home/marcelo/.m2/repository/com/oracle/database/nls/orai18n/23.6.0.24.10/orai18n-23.6.0.24.10.jar:/home/marcelo/.m2/repository/com/zaxxer/HikariCP/6.2.1/HikariCP-6.2.1.jar:/home/marcelo/.m2/repository/org/slf4j/slf4j-api/2.0.6/slf4j-api-2.0.6.jar:/home/marcelo/.m2/repository/com/cloudera/hive/jdbc/HS2Driver/hivejdbc42/2.6.26/hivejdbc42-2.6.26.jar:/home/marcelo/.m2/repository/io/quarkus/quarkus-redis-client/3.22.2/quarkus-redis-client-3.22.2.jar:/home/marcelo/.m2/repository/io/quarkus/quarkus-vertx/3.22.2/quarkus-vertx-3.22.2.jar:/home/marcelo/.m2/repository/io/quarkus/quarkus-netty/3.22.2/quarkus-netty-3.22.2.jar:/home/marcelo/.m2/repository/io/netty/netty-codec/4.1.119.Final/netty-codec-4.1.119.Final.jar:/home/marcelo/.m2/repository/io/netty/netty-codec-http/4.1.119.Final/netty-codec-http-4.1.119.Final.jar:/home/marcelo/.m2/repository/io/netty/netty-codec-http2/4.1.119.Final/netty-codec-http2-4.1.119.Final.jar:/home/marcelo/.m2/repository/io/netty/netty-handler/4.1.119.Final/netty-handler-4.1.119.Final.jar:/home/marcelo/.m2/repository/io/netty/netty-transport-native-unix-common/4.1.119.Final/netty-transport-native-unix-common-4.1.119.Final.jar:/home/marcelo/.m2/repository/io/netty/netty-codec-haproxy/4.1.119.Final/netty-codec-haproxy-4.1.119.Final.jar:/home/marcelo/.m2/repository/io/netty/netty-buffer/4.1.119.Final/netty-buffer-4.1.119.Final.jar:/home/marcelo/.m2/repository/io/netty/netty-transport/4.1.119.Final/netty-transport-4.1.119.Final.jar:/home/marcelo/.m2/repository/io/smallrye/common/smallrye-common-annotation/2.12.0/smallrye-common-annotation-2.12.0.jar:/home/marcelo/.m2/repository/io/quarkus/quarkus-virtual-threads/3.22.2/quarkus-virtual-threads-3.22.2.jar:/home/marcelo/.m2/repository/io/quarkus/quarkus-vertx-latebound-mdc-provider/3.22.2/quarkus-vertx-latebound-mdc-provider-3.22.2.jar:/home/marcelo/.m2/repository/io/smallrye/reactive/smallrye-mutiny-vertx-core/3.18.1/smallrye-mutiny-vertx-core-3.18.1.jar:/home/marcelo/.m2/repository/io/smallrye/reactive/smallrye-mutiny-vertx-runtime/3.18.1/smallrye-mutiny-vertx-runtime-3.18.1.jar:/home/marcelo/.m2/repository/io/smallrye/reactive/vertx-mutiny-generator/3.18.1/vertx-mutiny-generator-3.18.1.jar:/home/marcelo/.m2/repository/io/vertx/vertx-codegen/4.5.14/vertx-codegen-4.5.14.jar:/home/marcelo/.m2/repository/io/smallrye/smallrye-fault-tolerance-vertx/6.9.1/smallrye-fault-tolerance-vertx-6.9.1.jar:/home/marcelo/.m2/repository/io/quarkus/quarkus-jackson/3.22.2/quarkus-jackson-3.22.2.jar:/home/marcelo/.m2/repository/com/fasterxml/jackson/core/jackson-databind/2.18.3/jackson-databind-2.18.3.jar:/home/marcelo/.m2/repository/com/fasterxml/jackson/core/jackson-annotations/2.18.3/jackson-annotations-2.18.3.jar:/home/marcelo/.m2/repository/com/fasterxml/jackson/datatype/jackson-datatype-jsr310/2.18.3/jackson-datatype-jsr310-2.18.3.jar:/home/marcelo/.m2/repository/com/fasterxml/jackson/datatype/jackson-datatype-jdk8/2.18.3/jackson-datatype-jdk8-2.18.3.jar:/home/marcelo/.m2/repository/com/fasterxml/jackson/module/jackson-module-parameter-names/2.18.3/jackson-module-parameter-names-2.18.3.jar:/home/marcelo/.m2/repository/io/quarkus/quarkus-tls-registry/3.22.2/quarkus-tls-registry-3.22.2.jar:/home/marcelo/.m2/repository/io/quarkus/quarkus-tls-registry-spi/3.22.2/quarkus-tls-registry-spi-3.22.2.jar:/home/marcelo/.m2/repository/io/smallrye/certs/smallrye-private-key-pem-parser/0.9.2/smallrye-private-key-pem-parser-0.9.2.jar:/home/marcelo/.m2/repository/io/smallrye/reactive/smallrye-mutiny-vertx-redis-client/3.18.1/smallrye-mutiny-vertx-redis-client-3.18.1.jar:/home/marcelo/.m2/repository/io/vertx/vertx-redis-client/4.5.14/vertx-redis-client-4.5.14.jar:/home/marcelo/.m2/repository/org/projectlombok/lombok/1.18.34/lombok-1.18.34.jar:/home/marcelo/.m2/repository/org/mapstruct/mapstruct-processor/1.6.3/mapstruct-processor-1.6.3.jar:/home/marcelo/.m2/repository/io/quarkus/quarkus-jdbc-h2/3.22.2/quarkus-jdbc-h2-3.22.2.jar:/home/marcelo/.m2/repository/com/h2database/h2/2.3.230/h2-2.3.230.jar:/home/marcelo/.m2/repository/org/locationtech/jts/jts-core/1.19.0/jts-core-1.19.0.jar:/home/marcelo/.m2/repository/io/quarkus/quarkus-smallrye-openapi/3.22.2/quarkus-smallrye-openapi-3.22.2.jar:/home/marcelo/.m2/repository/io/smallrye/smallrye-open-api-core/4.0.10/smallrye-open-api-core-4.0.10.jar:/home/marcelo/.m2/repository/org/eclipse/microprofile/openapi/microprofile-openapi-api/4.0.2/microprofile-openapi-api-4.0.2.jar:/home/marcelo/.m2/repository/org/eclipse/microprofile/config/microprofile-config-api/3.1/microprofile-config-api-3.1.jar:/home/marcelo/.m2/repository/io/smallrye/smallrye-open-api-model/4.0.10/smallrye-open-api-model-4.0.10.jar:/home/marcelo/.m2/repository/com/fasterxml/jackson/core/jackson-core/2.18.3/jackson-core-2.18.3.jar:/home/marcelo/.m2/repository/com/fasterxml/jackson/dataformat/jackson-dataformat-yaml/2.18.3/jackson-dataformat-yaml-2.18.3.jar:/home/marcelo/.m2/repository/org/yaml/snakeyaml/2.4/snakeyaml-2.4.jar:/home/marcelo/.m2/repository/io/smallrye/jandex/3.3.0/jandex-3.3.0.jar:/home/marcelo/.m2/repository/io/smallrye/common/smallrye-common-classloader/2.12.0/smallrye-common-classloader-2.12.0.jar:/home/marcelo/.m2/repository/io/quarkus/quarkus-swagger-ui/3.22.2/quarkus-swagger-ui-3.22.2.jar:/home/marcelo/.m2/repository/io/quarkus/quarkus-smallrye-health/3.22.2/quarkus-smallrye-health-3.22.2.jar:/home/marcelo/.m2/repository/io/smallrye/smallrye-health/4.2.0/smallrye-health-4.2.0.jar:/home/marcelo/.m2/repository/org/eclipse/microprofile/health/microprofile-health-api/4.0.1/microprofile-health-api-4.0.1.jar:/home/marcelo/.m2/repository/io/smallrye/smallrye-health-api/4.2.0/smallrye-health-api-4.2.0.jar:/home/marcelo/.m2/repository/io/smallrye/smallrye-health-provided-checks/4.2.0/smallrye-health-provided-checks-4.2.0.jar:/home/marcelo/.m2/repository/io/quarkus/quarkus-jsonp/3.22.2/quarkus-jsonp-3.22.2.jar:/home/marcelo/.m2/repository/io/quarkus/quarkus-micrometer-registry-prometheus/3.22.2/quarkus-micrometer-registry-prometheus-3.22.2.jar:/home/marcelo/.m2/repository/io/quarkus/quarkus-micrometer/3.22.2/quarkus-micrometer-3.22.2.jar:/home/marcelo/.m2/repository/io/micrometer/micrometer-core/1.14.6/micrometer-core-1.14.6.jar:/home/marcelo/.m2/repository/io/micrometer/micrometer-commons/1.14.6/micrometer-commons-1.14.6.jar:/home/marcelo/.m2/repository/io/micrometer/micrometer-observation/1.14.6/micrometer-observation-1.14.6.jar:/home/marcelo/.m2/repository/org/hdrhistogram/HdrHistogram/2.2.2/HdrHistogram-2.2.2.jar:/home/marcelo/.m2/repository/org/latencyutils/LatencyUtils/2.0.3/LatencyUtils-2.0.3.jar:/home/marcelo/.m2/repository/io/micrometer/micrometer-registry-prometheus-simpleclient/1.14.6/micrometer-registry-prometheus-simpleclient-1.14.6.jar:/home/marcelo/.m2/repository/io/prometheus/simpleclient_common/0.16.0/simpleclient_common-0.16.0.jar:/home/marcelo/.m2/repository/io/prometheus/simpleclient/0.16.0/simpleclient-0.16.0.jar:/home/marcelo/.m2/repository/io/prometheus/simpleclient_tracer_otel/0.16.0/simpleclient_tracer_otel-0.16.0.jar:/home/marcelo/.m2/repository/io/prometheus/simpleclient_tracer_common/0.16.0/simpleclient_tracer_common-0.16.0.jar:/home/marcelo/.m2/repository/io/prometheus/simpleclient_tracer_otel_agent/0.16.0/simpleclient_tracer_otel_agent-0.16.0.jar:/home/marcelo/.m2/repository/org/mockito/mockito-junit-jupiter/5.14.2/mockito-junit-jupiter-5.14.2.jar:/home/marcelo/.m2/repository/org/mockito/mockito-core/5.17.0/mockito-core-5.17.0.jar:/home/marcelo/.m2/repository/net/bytebuddy/byte-buddy-agent/1.15.11/byte-buddy-agent-1.15.11.jar:/home/marcelo/.m2/repository/org/objenesis/objenesis/3.3/objenesis-3.3.jar:/home/marcelo/.m2/repository/org/junit/jupiter/junit-jupiter-api/5.12.2/junit-jupiter-api-5.12.2.jar:/home/marcelo/.m2/repository/org/opentest4j/opentest4j/1.3.0/opentest4j-1.3.0.jar:/home/marcelo/.m2/repository/org/junit/platform/junit-platform-commons/1.12.2/junit-platform-commons-1.12.2.jar:/home/marcelo/.m2/repository/org/apiguardian/apiguardian-api/1.1.2/apiguardian-api-1.1.2.jar:/home/marcelo/.m2/repository/io/quarkus/quarkus-junit5-mockito/3.22.2/quarkus-junit5-mockito-3.22.2.jar:/home/marcelo/.m2/repository/io/quarkus/quarkus-junit5-mockito-config/3.22.2/quarkus-junit5-mockito-config-3.22.2.jar:/home/marcelo/.m2/repository/io/quarkus/quarkus-arc-deployment/3.22.2/quarkus-arc-deployment-3.22.2.jar:/home/marcelo/.m2/repository/io/quarkus/quarkus-core-deployment/3.22.2/quarkus-core-deployment-3.22.2.jar:/home/marcelo/.m2/repository/org/aesh/readline/2.6/readline-2.6.jar:/home/marcelo/.m2/repository/org/fusesource/jansi/jansi/2.4.0/jansi-2.4.0.jar:/home/marcelo/.m2/repository/org/aesh/aesh/2.8.2/aesh-2.8.2.jar:/home/marcelo/.m2/repository/io/quarkus/gizmo/gizmo/1.9.0/gizmo-1.9.0.jar:/home/marcelo/.m2/repository/org/ow2/asm/asm-util/9.8/asm-util-9.8.jar:/home/marcelo/.m2/repository/org/ow2/asm/asm-analysis/9.8/asm-analysis-9.8.jar:/home/marcelo/.m2/repository/io/quarkus/quarkus-hibernate-validator-spi/3.22.2/quarkus-hibernate-validator-spi-3.22.2.jar:/home/marcelo/.m2/repository/io/quarkus/quarkus-class-change-agent/3.22.2/quarkus-class-change-agent-3.22.2.jar:/home/marcelo/.m2/repository/io/quarkus/quarkus-devtools-utilities/3.22.2/quarkus-devtools-utilities-3.22.2.jar:/home/marcelo/.m2/repository/io/quarkus/quarkus-builder/3.22.2/quarkus-builder-3.22.2.jar:/home/marcelo/.m2/repository/org/graalvm/sdk/nativeimage/23.1.2/nativeimage-23.1.2.jar:/home/marcelo/.m2/repository/org/graalvm/sdk/word/23.1.2/word-23.1.2.jar:/home/marcelo/.m2/repository/org/junit/platform/junit-platform-launcher/1.12.2/junit-platform-launcher-1.12.2.jar:/home/marcelo/.m2/repository/io/quarkus/quarkus-smallrye-context-propagation-spi/3.22.2/quarkus-smallrye-context-propagation-spi-3.22.2.jar:/home/marcelo/.m2/repository/io/quarkus/quarkus-vertx-http-dev-ui-spi/3.22.2/quarkus-vertx-http-dev-ui-spi-3.22.2.jar:/home/marcelo/.m2/repository/io/quarkus/arc/arc-processor/3.22.2/arc-processor-3.22.2.jar:/home/marcelo/.m2/repository/io/quarkus/quarkus-junit5/3.22.2/quarkus-junit5-3.22.2.jar:/home/marcelo/.m2/repository/io/quarkus/quarkus-bootstrap-core/3.22.2/quarkus-bootstrap-core-3.22.2.jar:/home/marcelo/.m2/repository/io/quarkus/quarkus-classloader-commons/3.22.2/quarkus-classloader-commons-3.22.2.jar:/home/marcelo/.m2/repository/io/quarkus/quarkus-bootstrap-app-model/3.22.2/quarkus-bootstrap-app-model-3.22.2.jar:/home/marcelo/.m2/repository/io/smallrye/common/smallrye-common-io/2.12.0/smallrye-common-io-2.12.0.jar:/home/marcelo/.m2/repository/org/eclipse/sisu/org.eclipse.sisu.inject/0.9.0.M3/org.eclipse.sisu.inject-0.9.0.M3.jar:/home/marcelo/.m2/repository/io/quarkus/quarkus-test-common/3.22.2/quarkus-test-common-3.22.2.jar:/home/marcelo/.m2/repository/io/quarkus/quarkus-bootstrap-maven-resolver/3.22.2/quarkus-bootstrap-maven-resolver-3.22.2.jar:/home/marcelo/.m2/repository/io/smallrye/beanbag/smallrye-beanbag-maven/1.5.2/smallrye-beanbag-maven-1.5.2.jar:/home/marcelo/.m2/repository/io/smallrye/beanbag/smallrye-beanbag-sisu/1.5.2/smallrye-beanbag-sisu-1.5.2.jar:/home/marcelo/.m2/repository/io/smallrye/beanbag/smallrye-beanbag/1.5.2/smallrye-beanbag-1.5.2.jar:/home/marcelo/.m2/repository/javax/inject/javax.inject/1/javax.inject-1.jar:/home/marcelo/.m2/repository/org/apache/maven/maven-artifact/3.9.9/maven-artifact-3.9.9.jar:/home/marcelo/.m2/repository/org/apache/maven/maven-builder-support/3.9.9/maven-builder-support-3.9.9.jar:/home/marcelo/.m2/repository/org/apache/maven/maven-model/3.9.9/maven-model-3.9.9.jar:/home/marcelo/.m2/repository/org/apache/maven/maven-model-builder/3.9.9/maven-model-builder-3.9.9.jar:/home/marcelo/.m2/repository/org/apache/maven/maven-repository-metadata/3.9.9/maven-repository-metadata-3.9.9.jar:/home/marcelo/.m2/repository/org/apache/maven/maven-settings/3.9.9/maven-settings-3.9.9.jar:/home/marcelo/.m2/repository/org/apache/maven/resolver/maven-resolver-api/1.9.22/maven-resolver-api-1.9.22.jar:/home/marcelo/.m2/repository/org/apache/maven/resolver/maven-resolver-impl/1.9.22/maven-resolver-impl-1.9.22.jar:/home/marcelo/.m2/repository/org/apache/maven/resolver/maven-resolver-named-locks/1.9.22/maven-resolver-named-locks-1.9.22.jar:/home/marcelo/.m2/repository/org/apache/maven/resolver/maven-resolver-spi/1.9.22/maven-resolver-spi-1.9.22.jar:/home/marcelo/.m2/repository/org/apache/maven/resolver/maven-resolver-util/1.9.22/maven-resolver-util-1.9.22.jar:/home/marcelo/.m2/repository/org/apache/maven/resolver/maven-resolver-transport-http/1.9.20/maven-resolver-transport-http-1.9.20.jar:/home/marcelo/.m2/repository/org/apache/maven/wagon/wagon-provider-api/3.5.3/wagon-provider-api-3.5.3.jar:/home/marcelo/.m2/repository/org/apache/maven/wagon/wagon-http-shared/3.5.3/wagon-http-shared-3.5.3.jar:/home/marcelo/.m2/repository/org/codehaus/plexus/plexus-interpolation/1.26/plexus-interpolation-1.26.jar:/home/marcelo/.m2/repository/org/codehaus/plexus/plexus-utils/3.5.1/plexus-utils-3.5.1.jar:/home/marcelo/.m2/repository/org/codehaus/plexus/plexus-xml/4.0.1/plexus-xml-4.0.1.jar:/home/marcelo/.m2/repository/org/apache/maven/maven-xml-impl/4.0.0-alpha-5/maven-xml-impl-4.0.0-alpha-5.jar:/home/marcelo/.m2/repository/org/apache/maven/maven-api-xml/4.0.0-alpha-5/maven-api-xml-4.0.0-alpha-5.jar:/home/marcelo/.m2/repository/org/apache/maven/maven-api-meta/4.0.0-alpha-5/maven-api-meta-4.0.0-alpha-5.jar:/home/marcelo/.m2/repository/org/codehaus/plexus/plexus-cipher/2.0/plexus-cipher-2.0.jar:/home/marcelo/.m2/repository/org/codehaus/plexus/plexus-sec-dispatcher/2.0/plexus-sec-dispatcher-2.0.jar:/home/marcelo/.m2/repository/org/apache/maven/maven-embedder/3.9.9/maven-embedder-3.9.9.jar:/home/marcelo/.m2/repository/org/apache/maven/maven-core/3.9.9/maven-core-3.9.9.jar:/home/marcelo/.m2/repository/org/codehaus/plexus/plexus-component-annotations/2.1.0/plexus-component-annotations-2.1.0.jar:/home/marcelo/.m2/repository/org/apache/maven/maven-plugin-api/3.9.9/maven-plugin-api-3.9.9.jar:/home/marcelo/.m2/repository/org/apache/maven/shared/maven-shared-utils/3.4.2/maven-shared-utils-3.4.2.jar:/home/marcelo/.m2/repository/com/google/inject/guice/5.1.0/guice-5.1.0.jar:/home/marcelo/.m2/repository/aopalliance/aopalliance/1.0/aopalliance-1.0.jar:/home/marcelo/.m2/repository/com/google/guava/guava/33.4.8-jre/guava-33.4.8-jre.jar:/home/marcelo/.m2/repository/com/google/guava/failureaccess/1.0.1/failureaccess-1.0.1.jar:/home/marcelo/.m2/repository/javax/annotation/javax.annotation-api/1.3.2/javax.annotation-api-1.3.2.jar:/home/marcelo/.m2/repository/org/codehaus/plexus/plexus-classworlds/2.6.0/plexus-classworlds-2.6.0.jar:/home/marcelo/.m2/repository/commons-cli/commons-cli/1.8.0/commons-cli-1.8.0.jar:/home/marcelo/.m2/repository/org/eclipse/sisu/org.eclipse.sisu.plexus/0.9.0.M3/org.eclipse.sisu.plexus-0.9.0.M3.jar:/home/marcelo/.m2/repository/org/apache/maven/maven-settings-builder/3.9.9/maven-settings-builder-3.9.9.jar:/home/marcelo/.m2/repository/org/apache/maven/maven-resolver-provider/3.9.9/maven-resolver-provider-3.9.9.jar:/home/marcelo/.m2/repository/org/apache/maven/resolver/maven-resolver-connector-basic/1.9.22/maven-resolver-connector-basic-1.9.22.jar:/home/marcelo/.m2/repository/org/apache/maven/resolver/maven-resolver-transport-wagon/1.9.22/maven-resolver-transport-wagon-1.9.22.jar:/home/marcelo/.m2/repository/org/apache/maven/wagon/wagon-http/3.5.3/wagon-http-3.5.3.jar:/home/marcelo/.m2/repository/org/apache/maven/wagon/wagon-file/3.5.3/wagon-file-3.5.3.jar:/home/marcelo/.m2/repository/io/quarkus/quarkus-bootstrap-gradle-resolver/3.22.2/quarkus-bootstrap-gradle-resolver-3.22.2.jar:/home/marcelo/.m2/repository/org/jboss/logging/commons-logging-jboss-logging/1.0.0.Final/commons-logging-jboss-logging-1.0.0.Final.jar:/home/marcelo/.m2/repository/io/quarkus/quarkus-junit5-config/3.22.2/quarkus-junit5-config-3.22.2.jar:/home/marcelo/.m2/repository/org/junit/jupiter/junit-jupiter/5.12.2/junit-jupiter-5.12.2.jar:/home/marcelo/.m2/repository/org/junit/jupiter/junit-jupiter-params/5.12.2/junit-jupiter-params-5.12.2.jar:/home/marcelo/.m2/repository/org/junit/jupiter/junit-jupiter-engine/5.12.2/junit-jupiter-engine-5.12.2.jar:/home/marcelo/.m2/repository/org/junit/platform/junit-platform-engine/1.12.2/junit-platform-engine-1.12.2.jar:/home/marcelo/.m2/repository/io/rest-assured/rest-assured/5.5.1/rest-assured-5.5.1.jar:/home/marcelo/.m2/repository/org/apache/groovy/groovy/4.0.22/groovy-4.0.22.jar:/home/marcelo/.m2/repository/org/apache/groovy/groovy-xml/4.0.22/groovy-xml-4.0.22.jar:/home/marcelo/.m2/repository/org/apache/httpcomponents/httpclient/4.5.14/httpclient-4.5.14.jar:/home/marcelo/.m2/repository/org/apache/httpcomponents/httpcore/4.4.16/httpcore-4.4.16.jar:/home/marcelo/.m2/repository/commons-codec/commons-codec/1.18.0/commons-codec-1.18.0.jar:/home/marcelo/.m2/repository/org/apache/httpcomponents/httpmime/4.5.14/httpmime-4.5.14.jar:/home/marcelo/.m2/repository/org/hamcrest/hamcrest/2.2/hamcrest-2.2.jar:/home/marcelo/.m2/repository/org/ccil/cowan/tagsoup/tagsoup/1.2.1/tagsoup-1.2.1.jar:/home/marcelo/.m2/repository/io/rest-assured/json-path/5.5.1/json-path-5.5.1.jar:/home/marcelo/.m2/repository/org/apache/groovy/groovy-json/4.0.22/groovy-json-4.0.22.jar:/home/marcelo/.m2/repository/io/rest-assured/rest-assured-common/5.5.1/rest-assured-common-5.5.1.jar:/home/marcelo/.m2/repository/io/rest-assured/xml-path/5.5.1/xml-path-5.5.1.jar:/home/marcelo/.m2/repository/org/apache/commons/commons-lang3/3.17.0/commons-lang3-3.17.0.jar:/home/marcelo/.m2/repository/io/quarkus/quarkus-test-h2/3.22.2/quarkus-test-h2-3.22.2.jar:/home/marcelo/.m2/repository/io/quarkus/quarkus-jacoco/3.22.2/quarkus-jacoco-3.22.2.jar:/home/marcelo/.m2/repository/org/jacoco/org.jacoco.core/0.8.13/org.jacoco.core-0.8.13.jar:/home/marcelo/.m2/repository/org/ow2/asm/asm/9.8/asm-9.8.jar:/home/marcelo/.m2/repository/org/ow2/asm/asm-tree/9.8/asm-tree-9.8.jar:/home/marcelo/.m2/repository/org/jacoco/org.jacoco.report/0.8.13/org.jacoco.report-0.8.13.jar:/home/marcelo/.m2/repository/org/jacoco/org.jacoco.agent/0.8.13/org.jacoco.agent-0.8.13.jar:/home/marcelo/.m2/repository/org/jacoco/org.jacoco.agent/0.8.13/org.jacoco.agent-0.8.13-runtime.jar:/home/marcelo/.m2/repository/org/ow2/asm/asm-commons/9.8/asm-commons-9.8.jar:"/>
    <property name="%test.quarkus.datasource.oracle.jdbc.url" value="jdbc:h2:mem:oracle;MODE=ORACLE;DB_CLOSE_DELAY=-1;INIT=RUNSCRIPT FROM &apos;classpath:db/scripts/initOracle.sql&apos;"/>
    <property name="sun.cpu.endian" value="little"/>
    <property name="vertx.disableWebsockets" value="true"/>
    <property name="user.home" value="/home/marcelo"/>
    <property name="user.language" value="en"/>
    <property name="jboss.log-version" value="false"/>
    <property name="java.specification.vendor" value="Oracle Corporation"/>
    <property name="io.netty.allocator.maxOrder" value="3"/>
    <property name="java.version.date" value="2025-01-21"/>
    <property name="java.home" value="/home/marcelo/java/jdk-21.0.6"/>
    <property name="file.separator" value="/"/>
    <property name="basedir" value="/home/marcelo/Development/Java/projetos/multiple_databases_test"/>
    <property name="java.vm.compressedOopsMode" value="32-bit"/>
    <property name="line.separator" value="&#10;"/>
    <property name="java.vm.specification.vendor" value="Oracle Corporation"/>
    <property name="java.specification.name" value="Java Platform API Specification"/>
    <property name="io.netty.allocator.disableCacheFinalizersForFastThreadLocalThreads" value="true"/>
    <property name="surefire.real.class.path" value="/home/marcelo/Development/Java/projetos/multiple_databases_test/target/surefire/surefirebooter-20250522012452702_3.jar"/>
    <property name="quarkus.test.profile" value="test"/>
    <property name="sun.management.compiler" value="HotSpot 64-Bit Tiered Compilers"/>
    <property name="java.runtime.version" value="21.0.6+8-LTS-188"/>
    <property name="user.name" value="marcelo"/>
    <property name="stdout.encoding" value="UTF-8"/>
    <property name="dev.resteasy.exception.mapper" value="false"/>
    <property name="path.separator" value=":"/>
    <property name="os.version" value="5.15.167.4-microsoft-standard-WSL2"/>
    <property name="java.runtime.name" value="Java(TM) SE Runtime Environment"/>
    <property name="file.encoding" value="UTF-8"/>
    <property name="java.vm.name" value="Java HotSpot(TM) 64-Bit Server VM"/>
    <property name="localRepository" value="/home/marcelo/.m2/repository"/>
    <property name="java.vendor.url.bug" value="https://bugreport.java.com/bugreport/"/>
    <property name="java.io.tmpdir" value="/tmp"/>
    <property name="quarkus.log.file.path" value="target/quarkus.log"/>
    <property name="java.version" value="21.0.6"/>
    <property name="java.util.concurrent.ForkJoinPool.common.threadFactory" value="io.quarkus.bootstrap.forkjoin.QuarkusForkJoinWorkerThreadFactory"/>
    <property name="user.dir" value="/home/marcelo/Development/Java/projetos/multiple_databases_test"/>
    <property name="os.arch" value="amd64"/>
    <property name="java.vm.specification.name" value="Java Virtual Machine Specification"/>
    <property name="vertx.disableDnsResolver" value="true"/>
    <property name="native.encoding" value="UTF-8"/>
    <property name="java.util.logging.manager" value="org.jboss.logmanager.LogManager"/>
    <property name="java.library.path" value="/usr/java/packages/lib:/usr/lib64:/lib64:/lib:/usr/lib"/>
    <property name="jdk.console" value="java.base"/>
    <property name="java.vm.info" value="mixed mode, sharing"/>
    <property name="stderr.encoding" value="UTF-8"/>
    <property name="java.vendor" value="Oracle Corporation"/>
    <property name="vertx.disableTCCL" value="true"/>
    <property name="java.vm.version" value="21.0.6+8-LTS-188"/>
    <property name="vertx.logger-delegate-factory-class-name" value="io.quarkus.vertx.core.runtime.VertxLogDelegateFactory"/>
    <property name="sun.io.unicode.encoding" value="UnicodeLittle"/>
    <property name="io.netty.machineId" value="6e:88:ae:e9:57:5c:6a:06"/>
    <property name="java.class.version" value="65.0"/>
    <property name="jacoco-agent.destfile" value="target/jacoco-quarkus.exec"/>
  </properties>
  <testcase name="testAddActor" classname="com.tests.repositories.ActorRepositoryTest" time="0.614">
    <system-out><![CDATA[01:24:58 WARN  [io.qu.hi.or.de.HibernateOrmProcessor] (build-15) Could not find a suitable persistence unit for model classes:
	- io.quarkus.hibernate.orm.panache.PanacheEntity
01:24:58 WARN  [io.qu.hi.or.de.HibernateOrmProcessor] (build-15) Could not find any entities affected to the persistence unit '<default>'.
01:25:04 INFO  [or.hi.jp.in.ut.LogHelper] (main) HHH000204: Processing PersistenceUnitInfo [name: <default>]
01:25:04 INFO  [or.hi.Version] (main) HHH000412: Hibernate ORM core version 6.6.13.Final
01:25:04 WARN  [or.hi.di.Dialect] (main) HHH000511: The 2.3.230 version for [org.hibernate.dialect.MySQLDialect] is no longer supported, hence certain features may not work properly. The minimum supported version is 8.0.0. Check the community dialects project for available legacy versions.
01:25:04 WARN  [or.hi.or.deprecation] (main) HHH90000025: MySQLDialect does not need to be specified explicitly using 'hibernate.dialect' (remove the property setting and it will be selected by default)
01:25:04 INFO  [or.hi.or.co.pooling] (main) HHH10001005: Database info:
	Database JDBC URL [undefined/unknown]
	Database driver: undefined/unknown
	Database version: 2.3.230
	Autocommit mode: undefined/unknown
	Isolation level: <unknown>
	Minimum pool size: undefined/unknown
	Maximum pool size: undefined/unknown
01:25:04 INFO  [or.hi.jp.in.ut.LogHelper] (main) HHH000204: Processing PersistenceUnitInfo [name: db2]
01:25:04 WARN  [or.hi.or.deprecation] (main) HHH90000025: H2Dialect does not need to be specified explicitly using 'hibernate.dialect' (remove the property setting and it will be selected by default)
01:25:04 INFO  [or.hi.or.co.pooling] (main) HHH10001005: Database info:
	Database JDBC URL [undefined/unknown]
	Database driver: undefined/unknown
	Database version: 2.3.230
	Autocommit mode: undefined/unknown
	Isolation level: <unknown>
	Minimum pool size: undefined/unknown
	Maximum pool size: undefined/unknown
01:25:04 INFO  [or.hi.jp.in.ut.LogHelper] (main) HHH000204: Processing PersistenceUnitInfo [name: oracle]
01:25:04 INFO  [or.hi.or.co.pooling] (main) HHH10001005: Database info:
	Database JDBC URL [undefined/unknown]
	Database driver: undefined/unknown
	Database version: 2.3.230
	Autocommit mode: undefined/unknown
	Isolation level: <unknown>
	Minimum pool size: undefined/unknown
	Maximum pool size: undefined/unknown
01:25:05 WARN  [io.qu.config] (main) Unrecognized configuration key "quarkus.hibernate-orm.database.generetion" was provided; it will be ignored; verify that the dependency extension for this configuration is set or that you did not make a typo
01:25:05 WARN  [io.qu.config] (main) Unrecognized configuration key "quarkus.hibernate-orm.db2.database.generetion" was provided; it will be ignored; verify that the dependency extension for this configuration is set or that you did not make a typo
01:25:05 WARN  [io.qu.config] (main) Unrecognized configuration key "quarkus.redis.cluster" was provided; it will be ignored; verify that the dependency extension for this configuration is set or that you did not make a typo
01:25:05 WARN  [io.qu.config] (main) Unrecognized configuration key "quarkus.reids.master-name" was provided; it will be ignored; verify that the dependency extension for this configuration is set or that you did not make a typo
01:25:05 WARN  [io.qu.config] (main) Unrecognized configuration key "quarkus.cache.enabled" was provided; it will be ignored; verify that the dependency extension for this configuration is set or that you did not make a typo
01:25:05 WARN  [io.qu.config] (main) Unrecognized configuration key "quarkus.hibernate-orm.oracle.database.generetion" was provided; it will be ignored; verify that the dependency extension for this configuration is set or that you did not make a typo
01:25:05 WARN  [io.qu.config] (main) Unrecognized configuration key "quarkus.datasource.oracle.jpa.persistence-unit" was provided; it will be ignored; verify that the dependency extension for this configuration is set or that you did not make a typo
01:25:05 WARN  [io.qu.config] (main) Unrecognized configuration key "quarkus.health.openapi.included" was provided; it will be ignored; verify that the dependency extension for this configuration is set or that you did not make a typo
01:25:05 WARN  [io.qu.config] (main) Unrecognized configuration key "quarkus.datasource.db2.jpa.persistence-unit" was provided; it will be ignored; verify that the dependency extension for this configuration is set or that you did not make a typo
2025-05-22 01:25:05.779108-03:00 database: opening mem:test (build 230)
2025-05-22 01:25:05.778284-03:00 database: opening mem:db2 (build 230)
2025-05-22 01:25:05.915222-03:00 lock: 1 exclusive requesting for SYS 
2025-05-22 01:25:05.915640-03:00 lock: 1 exclusive added for SYS 
2025-05-22 01:25:05.918123-03:00 lock: 1 exclusive requesting for SYS 
2025-05-22 01:25:05.918371-03:00 lock: 1 exclusive added for SYS 
2025-05-22 01:25:05.918941-03:00 lock: 1 exclusive unlock SYS 
2025-05-22 01:25:05.918968-03:00 lock: 1 exclusive unlock SYS 
2025-05-22 01:25:05.921735-03:00 lock: 1 exclusive requesting for SYS 
2025-05-22 01:25:05.922063-03:00 lock: 1 exclusive added for SYS 
2025-05-22 01:25:05.921735-03:00 lock: 1 exclusive requesting for SYS 
2025-05-22 01:25:05.922462-03:00 lock: 1 exclusive added for SYS 
2025-05-22 01:25:05.961835-03:00 lock: 1 exclusive unlock SYS 
2025-05-22 01:25:05.962133-03:00 database: opened mem:test
2025-05-22 01:25:05.962488-03:00 lock: 1 exclusive requesting for SYS 
2025-05-22 01:25:05.962659-03:00 lock: 1 exclusive added for SYS 
2025-05-22 01:25:05.963123-03:00 lock: 1 exclusive unlock SYS 
2025-05-22 01:25:05.963293-03:00 database: opened mem:db2
2025-05-22 01:25:05.963558-03:00 lock: 1 exclusive requesting for SYS 
2025-05-22 01:25:05.963766-03:00 lock: 1 exclusive added for SYS 
2025-05-22 01:25:05.965330-03:00 lock: 1 exclusive unlock SYS 
2025-05-22 01:25:05.965619-03:00 database: connecting session #3 to mem:db2
2025-05-22 01:25:05.970147-03:00 lock: 1 exclusive unlock SYS 
2025-05-22 01:25:05.970510-03:00 database: connecting session #3 to mem:test
2025-05-22 01:25:06.180314-03:00 lock: 3 exclusive requesting for SYS 
2025-05-22 01:25:06.180802-03:00 lock: 3 exclusive added for SYS 
2025-05-22 01:25:06.181612-03:00 jdbc[3]: 
/*SQL t:1*/SET DB_CLOSE_DELAY -1;
2025-05-22 01:25:06.182095-03:00 lock: 3 exclusive unlock SYS 
2025-05-22 01:25:06.182547-03:00 jdbc[3]: 
/*SQL */SET TRACE_LEVEL_SYSTEM_OUT 3;
2025-05-22 01:25:06.183446-03:00 jdbc[3]: 
/**/Connection conn0 = DriverManager.getConnection("jdbc:h2:mem:db2;TRACE_LEVEL_SYSTEM_OUT=3;DB_CLOSE_DELAY=-1;MODE=PostgreSQL;", "SA", "");
2025-05-22 01:25:06.185342-03:00 jdbc[3]: 
/**/conn0.setAutoCommit(true);
2025-05-22 01:25:06.185654-03:00 jdbc[3]: 
/**/conn0.getTransactionIsolation();
2025-05-22 01:25:06.187789-03:00 lock: 3 exclusive requesting for SYS 
2025-05-22 01:25:06.188001-03:00 lock: 3 exclusive added for SYS 
2025-05-22 01:25:06.188191-03:00 jdbc[3]: 
/*SQL */SET DB_CLOSE_DELAY -1;
2025-05-22 01:25:06.189350-03:00 lock: 3 exclusive unlock SYS 
2025-05-22 01:25:06.189677-03:00 jdbc[3]: 
/*SQL */SET TRACE_LEVEL_SYSTEM_OUT 3;
2025-05-22 01:25:06.189913-03:00 jdbc[3]: 
/**/Connection conn1 = DriverManager.getConnection("jdbc:h2:mem:test;TRACE_LEVEL_SYSTEM_OUT=3;DB_CLOSE_DELAY=-1;MODE=PostgreSQL;", "SA", "");
2025-05-22 01:25:06.190015-03:00 jdbc[3]: 
/**/conn1.setAutoCommit(true);
2025-05-22 01:25:06.190102-03:00 jdbc[3]: 
/**/conn1.getTransactionIsolation();
2025-05-22 01:25:06.201750-03:00 jdbc[3]: 
/**/DatabaseMetaData dbMeta0 = conn0.getMetaData();
2025-05-22 01:25:06.201750-03:00 jdbc[3]: 
/**/DatabaseMetaData dbMeta1 = conn1.getMetaData();
2025-05-22 01:25:06.206093-03:00 jdbc[3]: 
/**/dbMeta1.getDatabaseProductName();
2025-05-22 01:25:06.206093-03:00 jdbc[3]: 
/**/dbMeta0.getDatabaseProductName();
2025-05-22 01:25:06.206484-03:00 jdbc[3]: 
/**/dbMeta0.getDriverName();
2025-05-22 01:25:06.206484-03:00 jdbc[3]: 
/**/dbMeta1.getDriverName();
2025-05-22 01:25:06.206559-03:00 jdbc[3]: 
/**/dbMeta0.getDriverMajorVersion();
2025-05-22 01:25:06.206559-03:00 jdbc[3]: 
/**/dbMeta1.getDriverMajorVersion();
2025-05-22 01:25:06.206619-03:00 jdbc[3]: 
/**/dbMeta0.getDriverMinorVersion();
2025-05-22 01:25:06.206632-03:00 jdbc[3]: 
/**/dbMeta1.getDriverMinorVersion();
2025-05-22 01:25:06.206667-03:00 jdbc[3]: 
/**/dbMeta0.getSQLKeywords();
2025-05-22 01:25:06.206674-03:00 jdbc[3]: 
/**/dbMeta1.getSQLKeywords();
2025-05-22 01:25:06.207297-03:00 jdbc[3]: 
/**/dbMeta1.storesLowerCaseIdentifiers();
2025-05-22 01:25:06.207297-03:00 jdbc[3]: 
/**/dbMeta0.supportsCatalogsInTableDefinitions();
2025-05-22 01:25:06.207457-03:00 jdbc[3]: 
/**/dbMeta0.supportsSchemasInTableDefinitions();
2025-05-22 01:25:06.207518-03:00 jdbc[3]: 
/**/dbMeta0.storesLowerCaseIdentifiers();
2025-05-22 01:25:06.208343-03:00 jdbc[3]: 
/**/dbMeta1.storesUpperCaseIdentifiers();
2025-05-22 01:25:06.208343-03:00 jdbc[3]: 
/**/dbMeta0.storesUpperCaseIdentifiers();
2025-05-22 01:25:06.208563-03:00 jdbc[3]: 
/**/dbMeta1.storesMixedCaseIdentifiers();
2025-05-22 01:25:06.208563-03:00 jdbc[3]: 
/**/dbMeta0.storesMixedCaseIdentifiers();
2025-05-22 01:25:06.208624-03:00 jdbc[3]: 
/**/dbMeta0.storesUpperCaseIdentifiers();
2025-05-22 01:25:06.208624-03:00 jdbc[3]: 
/**/dbMeta1.storesUpperCaseIdentifiers();
2025-05-22 01:25:06.208676-03:00 jdbc[3]: 
/**/dbMeta0.storesLowerCaseQuotedIdentifiers();
2025-05-22 01:25:06.208686-03:00 jdbc[3]: 
/**/dbMeta1.storesLowerCaseQuotedIdentifiers();
2025-05-22 01:25:06.208724-03:00 jdbc[3]: 
/**/dbMeta0.storesUpperCaseQuotedIdentifiers();
2025-05-22 01:25:06.208729-03:00 jdbc[3]: 
/**/dbMeta1.storesUpperCaseQuotedIdentifiers();
2025-05-22 01:25:06.208771-03:00 jdbc[3]: 
/**/dbMeta1.storesMixedCaseQuotedIdentifiers();
2025-05-22 01:25:06.208770-03:00 jdbc[3]: 
/**/dbMeta0.storesMixedCaseQuotedIdentifiers();
2025-05-22 01:25:06.208859-03:00 jdbc[3]: 
/**/dbMeta0.getConnection();
2025-05-22 01:25:06.208860-03:00 jdbc[3]: 
/**/dbMeta1.getConnection();
2025-05-22 01:25:06.208923-03:00 jdbc[3]: 
/**/conn1.getCatalog();
2025-05-22 01:25:06.208919-03:00 jdbc[3]: 
/**/conn0.getCatalog();
2025-05-22 01:25:06.246195-03:00 jdbc[3]: 
/*SQL #:1 t:2*/CALL DATABASE();
2025-05-22 01:25:06.246704-03:00 jdbc[3]: 
/*SQL #:1 t:3*/CALL DATABASE();
2025-05-22 01:25:06.250847-03:00 jdbc[3]: 
/**/dbMeta0.supportsNamedParameters();
2025-05-22 01:25:06.250847-03:00 jdbc[3]: 
/**/dbMeta1.supportsNamedParameters();
2025-05-22 01:25:06.254345-03:00 jdbc[3]: 
/**/dbMeta0.supportsResultSetType(1004);
2025-05-22 01:25:06.254573-03:00 jdbc[3]: 
/**/dbMeta0.supportsGetGeneratedKeys();
2025-05-22 01:25:06.254636-03:00 jdbc[3]: 
/**/dbMeta0.supportsBatchUpdates();
2025-05-22 01:25:06.254680-03:00 jdbc[3]: 
/**/dbMeta0.dataDefinitionIgnoredInTransactions();
2025-05-22 01:25:06.254730-03:00 jdbc[3]: 
/**/dbMeta0.dataDefinitionCausesTransactionCommit();
2025-05-22 01:25:06.254770-03:00 jdbc[3]: 
/**/dbMeta0.getSQLStateType();
2025-05-22 01:25:06.255904-03:00 jdbc[3]: 
/**/dbMeta0.getConnection();
2025-05-22 01:25:06.256770-03:00 jdbc[3]: 
/**/conn0.getSchema();
2025-05-22 01:25:06.257182-03:00 jdbc[3]: 
/**/conn0.getSchema();
2025-05-22 01:25:06.257356-03:00 jdbc[3]: 
/**/dbMeta0.supportsNamedParameters();
2025-05-22 01:25:06.257565-03:00 jdbc[3]: 
/**/dbMeta0.getCatalogSeparator();
2025-05-22 01:25:06.257639-03:00 jdbc[3]: 
/**/dbMeta0.isCatalogAtStart();
2025-05-22 01:25:06.257690-03:00 jdbc[3]: 
/**/dbMeta0.getConnection();
2025-05-22 01:25:06.257777-03:00 jdbc[3]: 
/**/DatabaseMetaData dbMeta2 = conn0.getMetaData();
2025-05-22 01:25:06.257861-03:00 jdbc[3]: 
/**/dbMeta2.getJDBCMajorVersion();
2025-05-22 01:25:06.257929-03:00 jdbc[3]: 
/**/Clob clob0 = conn0.createClob();
2025-05-22 01:25:06.258874-03:00 jdbc[3]: 
/**/dbMeta1.supportsResultSetType(1004);
2025-05-22 01:25:06.259078-03:00 jdbc[3]: 
/**/dbMeta1.supportsGetGeneratedKeys();
2025-05-22 01:25:06.259128-03:00 jdbc[3]: 
/**/dbMeta1.supportsBatchUpdates();
2025-05-22 01:25:06.259162-03:00 jdbc[3]: 
/**/dbMeta1.dataDefinitionIgnoredInTransactions();
2025-05-22 01:25:06.259199-03:00 jdbc[3]: 
/**/dbMeta1.dataDefinitionCausesTransactionCommit();
2025-05-22 01:25:06.259234-03:00 jdbc[3]: 
/**/dbMeta1.getSQLStateType();
2025-05-22 01:25:06.259291-03:00 jdbc[3]: 
/**/dbMeta1.getConnection();
2025-05-22 01:25:06.259345-03:00 jdbc[3]: 
/**/conn1.getSchema();
2025-05-22 01:25:06.259405-03:00 jdbc[3]: 
/**/conn1.getSchema();
2025-05-22 01:25:06.259448-03:00 jdbc[3]: 
/**/dbMeta1.supportsNamedParameters();
2025-05-22 01:25:06.259544-03:00 jdbc[3]: 
/**/dbMeta1.getCatalogSeparator();
2025-05-22 01:25:06.259596-03:00 jdbc[3]: 
/**/dbMeta1.isCatalogAtStart();
2025-05-22 01:25:06.259633-03:00 jdbc[3]: 
/**/dbMeta1.getConnection();
2025-05-22 01:25:06.259696-03:00 jdbc[3]: 
/**/DatabaseMetaData dbMeta3 = conn1.getMetaData();
2025-05-22 01:25:06.259750-03:00 jdbc[3]: 
/**/dbMeta3.getJDBCMajorVersion();
2025-05-22 01:25:06.259958-03:00 jdbc[3]: 
/**/Clob clob1 = conn1.createClob();
2025-05-22 01:25:06.267006-03:00 jdbc[3]: 
/**/clob1.free();
2025-05-22 01:25:06.267376-03:00 jdbc[3]: 
/**/NClob clob2 = conn1.createNClob();
2025-05-22 01:25:06.267537-03:00 jdbc[3]: 
/**/clob2.free();
2025-05-22 01:25:06.267735-03:00 jdbc[3]: 
/**/conn1.getWarnings();
2025-05-22 01:25:06.268676-03:00 jdbc[3]: 
/**/clob0.free();
2025-05-22 01:25:06.268836-03:00 jdbc[3]: 
/**/NClob clob3 = conn0.createNClob();
2025-05-22 01:25:06.268880-03:00 jdbc[3]: 
/**/clob3.free();
2025-05-22 01:25:06.271578-03:00 jdbc[3]: 
/**/conn0.getWarnings();
01:25:06 INFO  [io.quarkus] (main) multiple-databases-test 1.0.0-SNAPSHOT on JVM (powered by Quarkus 3.22.2) started in 10.926s. Listening on: http://localhost:8081
01:25:06 INFO  [io.quarkus] (main) Profile test activated. 
01:25:06 INFO  [io.quarkus] (main) Installed features: [agroal, cdi, hibernate-orm, hibernate-orm-panache, jacoco, jdbc-db2, jdbc-h2, jdbc-oracle, micrometer, narayana-jta, redis-client, resteasy, resteasy-jsonb, smallrye-context-propagation, smallrye-health, smallrye-openapi, swagger-ui, vertx]
]]></system-out>
  </testcase>
  <testcase name="testCountAllActors" classname="com.tests.repositories.ActorRepositoryTest" time="0.242"/>
  <testcase name="testFindAllActors" classname="com.tests.repositories.ActorRepositoryTest" time="0.035"/>
</testsuite>